🧪 Global E2E Test Setup Starting...
✅ Application accessible at: https://pifa-league.preview.emergentagent.com (Status: 200)
🎉 Global setup completed successfully!

Running 146 tests using 1 worker

[1A[2K[1/146] [chromium] › tests/e2e/access_and_gates.spec.ts:31:7 › Access and Gates Tests › Start Auction disabled when below minimum managers
[1A[2K[chromium] › tests/e2e/access_and_gates.spec.ts:31:7 › Access and Gates Tests › Start Auction disabled when below minimum managers
🧪 Testing Start Auction gate with insufficient members...

[1A[2K🔐 Logging in user: commissioner@gate.test

[1A[2K  1) [chromium] › tests/e2e/access_and_gates.spec.ts:31:7 › Access and Gates Tests › Start Auction disabled when below minimum managers 

    TimeoutError: locator.click: Timeout 10000ms exceeded.
    Call log:
    [2m  - waiting for locator('[data-testid="auth-magic-link-submit"]')[22m


       at utils/helpers.ts:22

      20 |   // Fill email and submit magic link form using test IDs
      21 |   await page.locator(`[data-testid="${TESTIDS.emailInput}"]`).fill(email);
    > 22 |   await page.locator(`[data-testid="${TESTIDS.magicLinkSubmit}"]`).click();
         |                                                                    ^
      23 |   
      24 |   // Wait for magic link sent confirmation and click login button using test ID
      25 |   await page.locator(`[data-testid="${TESTIDS.loginNowButton}"]`).waitFor({ state: 'visible', timeout: 10000 });
        at login (/app/tests/e2e/utils/helpers.ts:22:68)
        at /app/tests/e2e/access_and_gates.spec.ts:35:5

    attachment #1: screenshot (image/png) ──────────────────────────────────────────────────────────
    test-results/access_and_gates-Access-an-2382e-when-below-minimum-managers-chromium/test-failed-1.png
    ────────────────────────────────────────────────────────────────────────────────────────────────

    attachment #2: screenshot (image/png) ──────────────────────────────────────────────────────────
    test-results/access_and_gates-Access-an-2382e-when-below-minimum-managers-chromium/test-failed-2.png
    ────────────────────────────────────────────────────────────────────────────────────────────────

    attachment #3: screenshot (image/png) ──────────────────────────────────────────────────────────
    test-results/access_and_gates-Access-an-2382e-when-below-minimum-managers-chromium/test-failed-3.png
    ────────────────────────────────────────────────────────────────────────────────────────────────

    Error Context: test-results/access_and_gates-Access-an-2382e-when-below-minimum-managers-chromium/error-context.md

    attachment #5: trace (application/zip) ─────────────────────────────────────────────────────────
    test-results/access_and_gates-Access-an-2382e-when-below-minimum-managers-chromium/trace.zip
    Usage:

        npx playwright show-trace test-results/access_and_gates-Access-an-2382e-when-below-minimum-managers-chromium/trace.zip

    ────────────────────────────────────────────────────────────────────────────────────────────────


[1A[2K[2/146] [chromium] › tests/e2e/access_and_gates.spec.ts:60:7 › Access and Gates Tests › Start Auction enabled when minimum managers reached
[1A[2K[chromium] › tests/e2e/access_and_gates.spec.ts:60:7 › Access and Gates Tests › Start Auction enabled when minimum managers reached
🧪 Testing Start Auction gate with sufficient members...

[1A[2K🔐 Logging in user: commissioner@sufficient.test

[1A[2K  2) [chromium] › tests/e2e/access_and_gates.spec.ts:60:7 › Access and Gates Tests › Start Auction enabled when minimum managers reached 

    TimeoutError: locator.click: Timeout 10000ms exceeded.
    Call log:
    [2m  - waiting for locator('[data-testid="auth-magic-link-submit"]')[22m


       at utils/helpers.ts:22

      20 |   // Fill email and submit magic link form using test IDs
      21 |   await page.locator(`[data-testid="${TESTIDS.emailInput}"]`).fill(email);
    > 22 |   await page.locator(`[data-testid="${TESTIDS.magicLinkSubmit}"]`).click();
         |                                                                    ^
      23 |   
      24 |   // Wait for magic link sent confirmation and click login button using test ID
      25 |   await page.locator(`[data-testid="${TESTIDS.loginNowButton}"]`).waitFor({ state: 'visible', timeout: 10000 });
        at login (/app/tests/e2e/utils/helpers.ts:22:68)
        at /app/tests/e2e/access_and_gates.spec.ts:64:5

    attachment #1: screenshot (image/png) ──────────────────────────────────────────────────────────
    test-results/access_and_gates-Access-an-4d3ab-en-minimum-managers-reached-chromium/test-failed-3.png
    ────────────────────────────────────────────────────────────────────────────────────────────────

    attachment #2: screenshot (image/png) ──────────────────────────────────────────────────────────
    test-results/access_and_gates-Access-an-4d3ab-en-minimum-managers-reached-chromium/test-failed-2.png
    ────────────────────────────────────────────────────────────────────────────────────────────────

    attachment #3: screenshot (image/png) ──────────────────────────────────────────────────────────
    test-results/access_and_gates-Access-an-4d3ab-en-minimum-managers-reached-chromium/test-failed-1.png
    ────────────────────────────────────────────────────────────────────────────────────────────────

    Error Context: test-results/access_and_gates-Access-an-4d3ab-en-minimum-managers-reached-chromium/error-context.md

    attachment #5: trace (application/zip) ─────────────────────────────────────────────────────────
    test-results/access_and_gates-Access-an-4d3ab-en-minimum-managers-reached-chromium/trace.zip
    Usage:

        npx playwright show-trace test-results/access_and_gates-Access-an-4d3ab-en-minimum-managers-reached-chromium/trace.zip

    ────────────────────────────────────────────────────────────────────────────────────────────────


[1A[2K[3/146] [chromium] › tests/e2e/access_and_gates.spec.ts:89:7 › Access and Gates Tests › Route guards redirect unauthenticated users with toast notifications
[1A[2K[chromium] › tests/e2e/access_and_gates.spec.ts:89:7 › Access and Gates Tests › Route guards redirect unauthenticated users with toast notifications
🧪 Testing route guards for unauthenticated access...

[1A[2K✅ /app correctly redirected to login with toast

[1A[2K  3) [chromium] › tests/e2e/access_and_gates.spec.ts:89:7 › Access and Gates Tests › Route guards redirect unauthenticated users with toast notifications 

    TimeoutError: page.waitForURL: Timeout 10000ms exceeded.
    =========================== logs ===========================
    waiting for navigation to "**/login" until "load"
      navigated to "https://pifa-league.preview.emergentagent.com/auction"
    ============================================================

      104 |       
      105 |       // Should redirect to login
    > 106 |       await unauthenticatedPage.waitForURL('**/login', { timeout: 10000 });
          |                                 ^
      107 |       
      108 |       // Check for auth required toast
      109 |       const authToast = unauthenticatedPage.locator('[data-testid="auth-required-toast"]');
        at /app/tests/e2e/access_and_gates.spec.ts:106:33

    attachment #1: screenshot (image/png) ──────────────────────────────────────────────────────────
    test-results/access_and_gates-Access-an-6b973-rs-with-toast-notifications-chromium/test-failed-1.png
    ────────────────────────────────────────────────────────────────────────────────────────────────

    attachment #2: screenshot (image/png) ──────────────────────────────────────────────────────────
    test-results/access_and_gates-Access-an-6b973-rs-with-toast-notifications-chromium/test-failed-2.png
    ────────────────────────────────────────────────────────────────────────────────────────────────

    attachment #3: screenshot (image/png) ──────────────────────────────────────────────────────────
    test-results/access_and_gates-Access-an-6b973-rs-with-toast-notifications-chromium/test-failed-3.png
    ────────────────────────────────────────────────────────────────────────────────────────────────

    attachment #4: trace (application/zip) ─────────────────────────────────────────────────────────
    test-results/access_and_gates-Access-an-6b973-rs-with-toast-notifications-chromium/trace.zip
    Usage:

        npx playwright show-trace test-results/access_and_gates-Access-an-6b973-rs-with-toast-notifications-chromium/trace.zip

    ────────────────────────────────────────────────────────────────────────────────────────────────


[1A[2K[4/146] [chromium] › tests/e2e/access_and_gates.spec.ts:118:7 › Access and Gates Tests › Non-existent league routes show 404 or redirect safely
[1A[2K[chromium] › tests/e2e/access_and_gates.spec.ts:118:7 › Access and Gates Tests › Non-existent league routes show 404 or redirect safely
🧪 Testing non-existent league access...

[1A[2K🔐 Logging in user: member@404.test

[1A[2K  4) [chromium] › tests/e2e/access_and_gates.spec.ts:118:7 › Access and Gates Tests › Non-existent league routes show 404 or redirect safely 

    TimeoutError: locator.click: Timeout 10000ms exceeded.
    Call log:
    [2m  - waiting for locator('[data-testid="auth-magic-link-submit"]')[22m


       at utils/helpers.ts:22

      20 |   // Fill email and submit magic link form using test IDs
      21 |   await page.locator(`[data-testid="${TESTIDS.emailInput}"]`).fill(email);
    > 22 |   await page.locator(`[data-testid="${TESTIDS.magicLinkSubmit}"]`).click();
         |                                                                    ^
      23 |   
      24 |   // Wait for magic link sent confirmation and click login button using test ID
      25 |   await page.locator(`[data-testid="${TESTIDS.loginNowButton}"]`).waitFor({ state: 'visible', timeout: 10000 });
        at login (/app/tests/e2e/utils/helpers.ts:22:68)
        at /app/tests/e2e/access_and_gates.spec.ts:121:5

    attachment #1: screenshot (image/png) ──────────────────────────────────────────────────────────
    test-results/access_and_gates-Access-an-66b24-show-404-or-redirect-safely-chromium/test-failed-1.png
    ────────────────────────────────────────────────────────────────────────────────────────────────

    attachment #2: screenshot (image/png) ──────────────────────────────────────────────────────────
    test-results/access_and_gates-Access-an-66b24-show-404-or-redirect-safely-chromium/test-failed-2.png
    ────────────────────────────────────────────────────────────────────────────────────────────────

    attachment #3: screenshot (image/png) ──────────────────────────────────────────────────────────
    test-results/access_and_gates-Access-an-66b24-show-404-or-redirect-safely-chromium/test-failed-3.png
    ────────────────────────────────────────────────────────────────────────────────────────────────

    attachment #4: trace (application/zip) ─────────────────────────────────────────────────────────
    test-results/access_and_gates-Access-an-66b24-show-404-or-redirect-safely-chromium/trace.zip
    Usage:

        npx playwright show-trace test-results/access_and_gates-Access-an-66b24-show-404-or-redirect-safely-chromium/trace.zip

    ────────────────────────────────────────────────────────────────────────────────────────────────


[1A[2K[5/146] [chromium] › tests/e2e/access_and_gates.spec.ts:139:7 › Access and Gates Tests › League members can access league pages
[1A[2K[chromium] › tests/e2e/access_and_gates.spec.ts:139:7 › Access and Gates Tests › League members can access league pages
🧪 Testing league member access permissions...

[1A[2K🔐 Logging in user: commissioner@member-access.test

[1A[2K  5) [chromium] › tests/e2e/access_and_gates.spec.ts:139:7 › Access and Gates Tests › League members can access league pages 

    TimeoutError: locator.click: Timeout 10000ms exceeded.
    Call log:
    [2m  - waiting for locator('[data-testid="auth-magic-link-submit"]')[22m


       at utils/helpers.ts:22

      20 |   // Fill email and submit magic link form using test IDs
      21 |   await page.locator(`[data-testid="${TESTIDS.emailInput}"]`).fill(email);
    > 22 |   await page.locator(`[data-testid="${TESTIDS.magicLinkSubmit}"]`).click();
         |                                                                    ^
      23 |   
      24 |   // Wait for magic link sent confirmation and click login button using test ID
      25 |   await page.locator(`[data-testid="${TESTIDS.loginNowButton}"]`).waitFor({ state: 'visible', timeout: 10000 });
        at login (/app/tests/e2e/utils/helpers.ts:22:68)
        at /app/tests/e2e/access_and_gates.spec.ts:143:5

    attachment #1: screenshot (image/png) ──────────────────────────────────────────────────────────
    test-results/access_and_gates-Access-an-920f7-ers-can-access-league-pages-chromium/test-failed-3.png
    ────────────────────────────────────────────────────────────────────────────────────────────────

    attachment #2: screenshot (image/png) ──────────────────────────────────────────────────────────
    test-results/access_and_gates-Access-an-920f7-ers-can-access-league-pages-chromium/test-failed-2.png
    ────────────────────────────────────────────────────────────────────────────────────────────────

    attachment #3: screenshot (image/png) ──────────────────────────────────────────────────────────
    test-results/access_and_gates-Access-an-920f7-ers-can-access-league-pages-chromium/test-failed-1.png
    ────────────────────────────────────────────────────────────────────────────────────────────────

    Error Context: test-results/access_and_gates-Access-an-920f7-ers-can-access-league-pages-chromium/error-context.md

    attachment #5: trace (application/zip) ─────────────────────────────────────────────────────────
    test-results/access_and_gates-Access-an-920f7-ers-can-access-league-pages-chromium/trace.zip
    Usage:

        npx playwright show-trace test-results/access_and_gates-Access-an-920f7-ers-can-access-league-pages-chromium/trace.zip

    ────────────────────────────────────────────────────────────────────────────────────────────────


[1A[2K[6/146] [chromium] › tests/e2e/access_and_gates.spec.ts:176:7 › Access and Gates Tests › Non-league members cannot access league pages
[1A[2K[chromium] › tests/e2e/access_and_gates.spec.ts:176:7 › Access and Gates Tests › Non-league members cannot access league pages
🧪 Testing non-member access restrictions...

[1A[2K🔐 Logging in user: commissioner@private.test

[1A[2K  6) [chromium] › tests/e2e/access_and_gates.spec.ts:176:7 › Access and Gates Tests › Non-league members cannot access league pages 

    TimeoutError: locator.click: Timeout 10000ms exceeded.
    Call log:
    [2m  - waiting for locator('[data-testid="auth-magic-link-submit"]')[22m


       at utils/helpers.ts:22

      20 |   // Fill email and submit magic link form using test IDs
      21 |   await page.locator(`[data-testid="${TESTIDS.emailInput}"]`).fill(email);
    > 22 |   await page.locator(`[data-testid="${TESTIDS.magicLinkSubmit}"]`).click();
         |                                                                    ^
      23 |   
      24 |   // Wait for magic link sent confirmation and click login button using test ID
      25 |   await page.locator(`[data-testid="${TESTIDS.loginNowButton}"]`).waitFor({ state: 'visible', timeout: 10000 });
        at login (/app/tests/e2e/utils/helpers.ts:22:68)
        at /app/tests/e2e/access_and_gates.spec.ts:180:5

    attachment #1: screenshot (image/png) ──────────────────────────────────────────────────────────
    test-results/access_and_gates-Access-an-9555b--cannot-access-league-pages-chromium/test-failed-2.png
    ────────────────────────────────────────────────────────────────────────────────────────────────

    attachment #2: screenshot (image/png) ──────────────────────────────────────────────────────────
    test-results/access_and_gates-Access-an-9555b--cannot-access-league-pages-chromium/test-failed-3.png
    ────────────────────────────────────────────────────────────────────────────────────────────────

    attachment #3: screenshot (image/png) ──────────────────────────────────────────────────────────
    test-results/access_and_gates-Access-an-9555b--cannot-access-league-pages-chromium/test-failed-1.png
    ────────────────────────────────────────────────────────────────────────────────────────────────

    Error Context: test-results/access_and_gates-Access-an-9555b--cannot-access-league-pages-chromium/error-context.md

    attachment #5: trace (application/zip) ─────────────────────────────────────────────────────────
    test-results/access_and_gates-Access-an-9555b--cannot-access-league-pages-chromium/trace.zip
    Usage:

        npx playwright show-trace test-results/access_and_gates-Access-an-9555b--cannot-access-league-pages-chromium/trace.zip

    ────────────────────────────────────────────────────────────────────────────────────────────────


[1A[2K[7/146] [chromium] › tests/e2e/access_and_gates.spec.ts:205:7 › Access and Gates Tests › Commissioner has admin access, members do not
[1A[2K[chromium] › tests/e2e/access_and_gates.spec.ts:205:7 › Access and Gates Tests › Commissioner has admin access, members do not
🧪 Testing admin access permissions...

[1A[2K🔐 Logging in user: commissioner@admin.test

[1A[2K  7) [chromium] › tests/e2e/access_and_gates.spec.ts:205:7 › Access and Gates Tests › Commissioner has admin access, members do not 

    TimeoutError: locator.click: Timeout 10000ms exceeded.
    Call log:
    [2m  - waiting for locator('[data-testid="auth-magic-link-submit"]')[22m


       at utils/helpers.ts:22

      20 |   // Fill email and submit magic link form using test IDs
      21 |   await page.locator(`[data-testid="${TESTIDS.authEmailInput}"]`).fill(email);
    > 22 |   await page.locator(`[data-testid="${TESTIDS.authSubmitBtn}"]`).click();
         |                                                                    ^
      23 |   
      24 |   // Wait for magic link sent confirmation and click login button using test ID
      25 |   await page.locator(`[data-testid="dev-magic-link-btn"]`).waitFor({ state: 'visible', timeout: 10000 });
        at login (/app/tests/e2e/utils/helpers.ts:22:68)
        at /app/tests/e2e/access_and_gates.spec.ts:208:5

    attachment #1: screenshot (image/png) ──────────────────────────────────────────────────────────
    test-results/access_and_gates-Access-an-f60f0-admin-access-members-do-not-chromium/test-failed-1.png
    ────────────────────────────────────────────────────────────────────────────────────────────────

    attachment #2: screenshot (image/png) ──────────────────────────────────────────────────────────
    test-results/access_and_gates-Access-an-f60f0-admin-access-members-do-not-chromium/test-failed-3.png
    ────────────────────────────────────────────────────────────────────────────────────────────────

    attachment #3: screenshot (image/png) ──────────────────────────────────────────────────────────
    test-results/access_and_gates-Access-an-f60f0-admin-access-members-do-not-chromium/test-failed-2.png
    ────────────────────────────────────────────────────────────────────────────────────────────────

    Error Context: test-results/access_and_gates-Access-an-f60f0-admin-access-members-do-not-chromium/error-context.md

    attachment #5: trace (application/zip) ─────────────────────────────────────────────────────────
    test-results/access_and_gates-Access-an-f60f0-admin-access-members-do-not-chromium/trace.zip
    Usage:

        npx playwright show-trace test-results/access_and_gates-Access-an-f60f0-admin-access-members-do-not-chromium/trace.zip

    ────────────────────────────────────────────────────────────────────────────────────────────────


[1A[2K[8/146] [chromium] › tests/e2e/access_and_gates.spec.ts:243:7 › Access and Gates Tests › Auction access requires active auction
[1A[2K[chromium] › tests/e2e/access_and_gates.spec.ts:243:7 › Access and Gates Tests › Auction access requires active auction
🧪 Testing auction access gates...

[1A[2K🔐 Logging in user: commissioner@auction-gate.test

[1A[2K  8) [chromium] › tests/e2e/access_and_gates.spec.ts:243:7 › Access and Gates Tests › Auction access requires active auction 

    TimeoutError: locator.click: Timeout 10000ms exceeded.
    Call log:
    [2m  - waiting for locator('[data-testid="auth-magic-link-submit"]')[22m


       at utils/helpers.ts:22

      20 |   // Fill email and submit magic link form using test IDs
      21 |   await page.locator(`[data-testid="${TESTIDS.authEmailInput}"]`).fill(email);
    > 22 |   await page.locator(`[data-testid="${TESTIDS.authSubmitBtn}"]`).click();
         |                                                                    ^
      23 |   
      24 |   // Wait for magic link sent confirmation and click login button using test ID
      25 |   await page.locator(`[data-testid="dev-magic-link-btn"]`).waitFor({ state: 'visible', timeout: 10000 });
        at login (/app/tests/e2e/utils/helpers.ts:22:68)
        at /app/tests/e2e/access_and_gates.spec.ts:246:5

    attachment #1: screenshot (image/png) ──────────────────────────────────────────────────────────
    test-results/access_and_gates-Access-an-730ed-ess-requires-active-auction-chromium/test-failed-1.png
    ────────────────────────────────────────────────────────────────────────────────────────────────

    attachment #2: screenshot (image/png) ──────────────────────────────────────────────────────────
    test-results/access_and_gates-Access-an-730ed-ess-requires-active-auction-chromium/test-failed-3.png
    ────────────────────────────────────────────────────────────────────────────────────────────────

    attachment #3: screenshot (image/png) ──────────────────────────────────────────────────────────
    test-results/access_and_gates-Access-an-730ed-ess-requires-active-auction-chromium/test-failed-2.png
    ────────────────────────────────────────────────────────────────────────────────────────────────

    Error Context: test-results/access_and_gates-Access-an-730ed-ess-requires-active-auction-chromium/error-context.md

    attachment #5: trace (application/zip) ─────────────────────────────────────────────────────────
    test-results/access_and_gates-Access-an-730ed-ess-requires-active-auction-chromium/trace.zip
    Usage:

        npx playwright show-trace test-results/access_and_gates-Access-an-730ed-ess-requires-active-auction-chromium/trace.zip

    ────────────────────────────────────────────────────────────────────────────────────────────────


[1A[2K[9/146] [chromium] › tests/e2e/access_and_gates.spec.ts:273:7 › Access and Gates Tests › League-specific routes redirect safely with helpful messages
[1A[2K[chromium] › tests/e2e/access_and_gates.spec.ts:273:7 › Access and Gates Tests › League-specific routes redirect safely with helpful messages
🧪 Testing league-specific route redirects...

[1A[2K🔐 Logging in user: member@no-league.test

[1A[2K  9) [chromium] › tests/e2e/access_and_gates.spec.ts:273:7 › Access and Gates Tests › League-specific routes redirect safely with helpful messages 

    TimeoutError: locator.click: Timeout 10000ms exceeded.
    Call log:
    [2m  - waiting for locator('[data-testid="auth-magic-link-submit"]')[22m


       at utils/helpers.ts:22

      20 |   // Fill email and submit magic link form using test IDs
      21 |   await page.locator(`[data-testid="${TESTIDS.authEmailInput}"]`).fill(email);
    > 22 |   await page.locator(`[data-testid="${TESTIDS.authSubmitBtn}"]`).click();
         |                                                                    ^
      23 |   
      24 |   // Wait for magic link sent confirmation and click login button using test ID
      25 |   await page.locator(`[data-testid="dev-magic-link-btn"]`).waitFor({ state: 'visible', timeout: 10000 });
        at login (/app/tests/e2e/utils/helpers.ts:22:68)
        at /app/tests/e2e/access_and_gates.spec.ts:277:5

    Error: browserContext._wrapApiCall: ENOENT: no such file or directory, open '/app/test-results/.playwright-artifacts-8/traces/91910e7029255d4e252d-a4c9d43160b78275755e-recording3.trace'

    Error: browserContext._wrapApiCall: ENOENT: no such file or directory, open '/app/test-results/.playwright-artifacts-8/traces/91910e7029255d4e252d-a4c9d43160b78275755e-recording3.trace'

    Error: ENOENT: no such file or directory, open '/app/test-results/.playwright-artifacts-8/eb43519a48cc0caf92a5f8488674d83a.zip'

    [31mTest timeout of 60000ms exceeded.[39m

    attachment #1: screenshot (image/png) ──────────────────────────────────────────────────────────
    test-results/access_and_gates-Access-an-f3336-afely-with-helpful-messages-chromium/test-failed-2.png
    ────────────────────────────────────────────────────────────────────────────────────────────────

    attachment #2: screenshot (image/png) ──────────────────────────────────────────────────────────
    test-results/access_and_gates-Access-an-f3336-afely-with-helpful-messages-chromium/test-failed-1.png
    ────────────────────────────────────────────────────────────────────────────────────────────────

    attachment #3: screenshot (image/png) ──────────────────────────────────────────────────────────
    test-results/access_and_gates-Access-an-f3336-afely-with-helpful-messages-chromium/test-failed-3.png
    ────────────────────────────────────────────────────────────────────────────────────────────────


[1A[2K[10/146] [chromium] › tests/e2e/access_and_gates.spec.ts:303:7 › Access and Gates Tests › Breadcrumb navigation appears on all app pages
[1A[2K[chromium] › tests/e2e/access_and_gates.spec.ts:303:7 › Access and Gates Tests › Breadcrumb navigation appears on all app pages
🧪 Testing breadcrumb navigation...

[1A[2K🔐 Logging in user: commissioner@breadcrumb.test

[1A[2K  10) [chromium] › tests/e2e/access_and_gates.spec.ts:303:7 › Access and Gates Tests › Breadcrumb navigation appears on all app pages 

    TimeoutError: locator.click: Timeout 10000ms exceeded.
    Call log:
    [2m  - waiting for locator('[data-testid="auth-magic-link-submit"]')[22m


       at utils/helpers.ts:22

      20 |   // Fill email and submit magic link form using test IDs
      21 |   await page.locator(`[data-testid="${TESTIDS.authEmailInput}"]`).fill(email);
    > 22 |   await page.locator(`[data-testid="${TESTIDS.authSubmitBtn}"]`).click();
         |                                                                    ^
      23 |   
      24 |   // Wait for magic link sent confirmation and click login button using test ID
      25 |   await page.locator(`[data-testid="dev-magic-link-btn"]`).waitFor({ state: 'visible', timeout: 10000 });
        at login (/app/tests/e2e/utils/helpers.ts:22:68)
        at /app/tests/e2e/access_and_gates.spec.ts:306:5

    attachment #1: screenshot (image/png) ──────────────────────────────────────────────────────────
    test-results/access_and_gates-Access-an-1fa3f-on-appears-on-all-app-pages-chromium/test-failed-1.png
    ────────────────────────────────────────────────────────────────────────────────────────────────

    attachment #2: screenshot (image/png) ──────────────────────────────────────────────────────────
    test-results/access_and_gates-Access-an-1fa3f-on-appears-on-all-app-pages-chromium/test-failed-2.png
    ────────────────────────────────────────────────────────────────────────────────────────────────

    attachment #3: screenshot (image/png) ──────────────────────────────────────────────────────────
    test-results/access_and_gates-Access-an-1fa3f-on-appears-on-all-app-pages-chromium/test-failed-3.png
    ────────────────────────────────────────────────────────────────────────────────────────────────

    Error Context: test-results/access_and_gates-Access-an-1fa3f-on-appears-on-all-app-pages-chromium/error-context.md

    attachment #5: trace (application/zip) ─────────────────────────────────────────────────────────
    test-results/access_and_gates-Access-an-1fa3f-on-appears-on-all-app-pages-chromium/trace.zip
    Usage:

        npx playwright show-trace test-results/access_and_gates-Access-an-1fa3f-on-appears-on-all-app-pages-chromium/trace.zip

    ────────────────────────────────────────────────────────────────────────────────────────────────


[1A[2K[11/146] [chromium] › tests/e2e/access_and_gates.spec.ts:329:7 › Access and Gates Tests › No dead-end pages - all pages provide navigation options
[1A[2K[chromium] › tests/e2e/access_and_gates.spec.ts:329:7 › Access and Gates Tests › No dead-end pages - all pages provide navigation options
🧪 Testing for dead-end pages...

[1A[2K🔐 Logging in user: member@dead-end.test

[1A[2K  11) [chromium] › tests/e2e/access_and_gates.spec.ts:329:7 › Access and Gates Tests › No dead-end pages - all pages provide navigation options 

    TimeoutError: locator.click: Timeout 10000ms exceeded.
    Call log:
    [2m  - waiting for locator('[data-testid="auth-magic-link-submit"]')[22m


       at utils/helpers.ts:22

      20 |   // Fill email and submit magic link form using test IDs
      21 |   await page.locator(`[data-testid="${TESTIDS.authEmailInput}"]`).fill(email);
    > 22 |   await page.locator(`[data-testid="${TESTIDS.authSubmitBtn}"]`).click();
         |                                                                    ^
      23 |   
      24 |   // Wait for magic link sent confirmation and click login button using test ID
      25 |   await page.locator(`[data-testid="dev-magic-link-btn"]`).waitFor({ state: 'visible', timeout: 10000 });
        at login (/app/tests/e2e/utils/helpers.ts:22:68)
        at /app/tests/e2e/access_and_gates.spec.ts:332:5

    attachment #1: screenshot (image/png) ──────────────────────────────────────────────────────────
    test-results/access_and_gates-Access-an-9fedc--provide-navigation-options-chromium/test-failed-3.png
    ────────────────────────────────────────────────────────────────────────────────────────────────

    attachment #2: screenshot (image/png) ──────────────────────────────────────────────────────────
    test-results/access_and_gates-Access-an-9fedc--provide-navigation-options-chromium/test-failed-1.png
    ────────────────────────────────────────────────────────────────────────────────────────────────

    attachment #3: screenshot (image/png) ──────────────────────────────────────────────────────────
    test-results/access_and_gates-Access-an-9fedc--provide-navigation-options-chromium/test-failed-2.png
    ────────────────────────────────────────────────────────────────────────────────────────────────

    attachment #4: trace (application/zip) ─────────────────────────────────────────────────────────
    test-results/access_and_gates-Access-an-9fedc--provide-navigation-options-chromium/trace.zip
    Usage:

        npx playwright show-trace test-results/access_and_gates-Access-an-9fedc--provide-navigation-options-chromium/trace.zip

    ────────────────────────────────────────────────────────────────────────────────────────────────


[1A[2K[12/146] [chromium] › tests/e2e/accessibility.spec.js:52:3 › Accessibility - Comprehensive Testing › Lighthouse accessibility audit ≥90
[1A[2K[chromium] › tests/e2e/accessibility.spec.js:52:3 › Accessibility - Comprehensive Testing › Lighthouse accessibility audit ≥90
✅ Single H1 Heading - PASSED 1 H1 elements found

[1A[2K✅ Proper Heading Hierarchy - PASSED Heading sequence: 1 → 2 → 3 → 3 → 3 → 2 → 3 → 3 → 3 → 2 → 3 → 3 → 3 → 3 → 3 → 3 → 2 → 3 → 3 → 3 → 3 → 3 → 2 → 3 → 3 → 3 → 3 → 3 → 3 → 2 → 3 → 3

[1A[2K✅ Image Alt Text Compliance - PASSED 1/1 images with alt text

[1A[2K✅ Form Label Compliance - PASSED 0/0 form elements properly labeled

[1A[2K✅ Focusable Elements Present - PASSED 27 focusable elements found

[1A[2K✅ Basic Contrast Check - PASSED 0 potential contrast issues detected

[1A[2K✅ Estimated Accessibility Score - PASSED 100% (≥90% required)

[1A[2K[13/146] [chromium] › tests/e2e/accessibility.spec.js:138:3 › Accessibility - Comprehensive Testing › WCAG contrast checks pass
[1A[2K[chromium] › tests/e2e/accessibility.spec.js:138:3 › Accessibility - Comprehensive Testing › WCAG contrast checks pass
✅ WCAG Contrast Compliance - PASSED 4/5 elements pass contrast check

[1A[2K[14/146] [chromium] › tests/e2e/accessibility.spec.js:218:3 › Accessibility - Comprehensive Testing › Keyboard navigation completeness
[1A[2K[chromium] › tests/e2e/accessibility.spec.js:218:3 › Accessibility - Comprehensive Testing › Keyboard navigation completeness
✅ Keyboard Navigation Elements - PASSED 19 keyboard-accessible elements found

[1A[2K✅ Keyboard Interactions - PASSED 1 keyboard interactions working

[1A[2K✅ Focus Indicators - PASSED Focus indicators are visible

[1A[2K[15/146] [chromium] › tests/e2e/accessibility.spec.js:310:3 › Accessibility - Comprehensive Testing › Screen reader compatibility
[1A[2K[chromium] › tests/e2e/accessibility.spec.js:310:3 › Accessibility - Comprehensive Testing › Screen reader compatibility
✅ ARIA Landmarks - PASSED 5 landmarks found

[1A[2K✅ ARIA Labels - PASSED 9 elements with aria-label

[1A[2K✅ ARIA Descriptions - PASSED 0 elements with aria-describedby

[1A[2K✅ Button Accessibility - PASSED 24/24 buttons have accessible names

[1A[2K❌ Screen Reader Compatibility - FAILED locator.count: Unexpected token ")" while parsing css selector "a[aria-label], a:has-text(), a[title]". Did you mean to CSS.escape it?

[1A[2K[16/146] [chromium] › tests/e2e/accessibility.spec.js:360:3 › Accessibility - Comprehensive Testing › Mobile accessibility compliance
[1A[2K[chromium] › tests/e2e/accessibility.spec.js:360:3 › Accessibility - Comprehensive Testing › Mobile accessibility compliance
❌ Touch Target Sizes - FAILED 0/26 targets ≥44px

[1A[2K✅ Mobile Menu Accessibility - PASSED Mobile menu aria-label: "Toggle navigation menu"

[1A[2K❌ Mobile Menu Keyboard Access - FAILED Mobile menu opens with keyboard

[1A[2K[17/146] [chromium] › tests/e2e/accessibility.spec.js:420:3 › Accessibility - Comprehensive Testing › Focus trap and modal accessibility
[1A[2K[chromium] › tests/e2e/accessibility.spec.js:420:3 › Accessibility - Comprehensive Testing › Focus trap and modal accessibility
❌ Mobile Drawer Focus Elements - FAILED 0 focusable elements in mobile drawer

[1A[2K
============================================================

[1A[2K📊 Accessibility Test Summary:

[1A[2K⏱️ Duration: 24.96s

[1A[2K✅ Passed: 16

[1A[2K❌ Failed: 4

[1A[2K
🎉 Successful Tests:

[1A[2K  - Single H1 Heading

[1A[2K  - Proper Heading Hierarchy

[1A[2K  - Image Alt Text Compliance

[1A[2K  - Form Label Compliance

[1A[2K  - Focusable Elements Present

[1A[2K  - Basic Contrast Check

[1A[2K  - Estimated Accessibility Score

[1A[2K  - WCAG Contrast Compliance

[1A[2K  - Keyboard Navigation Elements

[1A[2K  - Keyboard Interactions

[1A[2K  - Focus Indicators

[1A[2K  - ARIA Landmarks

[1A[2K  - ARIA Labels

[1A[2K  - ARIA Descriptions

[1A[2K  - Button Accessibility

[1A[2K  - Mobile Menu Accessibility

[1A[2K
💥 Failed Tests:

[1A[2K  - Screen Reader Compatibility: locator.count: Unexpected token ")" while parsing css selector "a[aria-label], a:has-text(), a[title]". Did you mean to CSS.escape it?

[1A[2K  - Touch Target Sizes: 0/26 targets ≥44px

[1A[2K  - Mobile Menu Keyboard Access: Mobile menu opens with keyboard

[1A[2K  - Mobile Drawer Focus Elements: 0 focusable elements in mobile drawer

[1A[2K============================================================

[1A[2K[18/146] [chromium] › tests/e2e/api-regression-validation.spec.js:11:3 › API Regression Validation › UCL Competition Profile - Min=2, Slots=5 Validation
[1A[2K[chromium] › tests/e2e/api-regression-validation.spec.js:11:3 › API Regression Validation › UCL Competition Profile - Min=2, Slots=5 Validation
✅ UCL Profile Validated - Slots=5, Min=2, Max=8

[1A[2K[19/146] [chromium] › tests/e2e/api-regression-validation.spec.js:33:3 › API Regression Validation › Roster Calculation Logic - Never Negative
[1A[2K[chromium] › tests/e2e/api-regression-validation.spec.js:33:3 › API Regression Validation › Roster Calculation Logic - Never Negative
✅ Roster Calculation - remaining = max(0, clubSlots - ownedCount) validated

[1A[2K[20/146] [chromium] › tests/e2e/api-regression-validation.spec.js:52:3 › API Regression Validation › Member Count Gate Logic - Min=2 Validation
[1A[2K[chromium] › tests/e2e/api-regression-validation.spec.js:52:3 › API Regression Validation › Member Count Gate Logic - Min=2 Validation
✅ Min=2 Gate Logic - Validated member count requirements

[1A[2K[21/146] [chromium] › tests/e2e/api-regression-validation.spec.js:71:3 › API Regression Validation › API Endpoints Health Check
[1A[2K[chromium] › tests/e2e/api-regression-validation.spec.js:71:3 › API Regression Validation › API Endpoints Health Check
✅ Health check - Status 200

[1A[2K✅ Competition profiles - Status 200

[1A[2K✅ Clubs data - Status 200

[1A[2K✅ Time sync - Status 200

[1A[2K✅ Socket diagnostic - Status 200

[1A[2K[22/146] [chromium] › tests/e2e/api-regression-validation.spec.js:92:3 › API Regression Validation › Settings Structure Validation
[1A[2K[chromium] › tests/e2e/api-regression-validation.spec.js:92:3 › API Regression Validation › Settings Structure Validation
✅ ucl profile structure validated

[1A[2K✅ europa profile structure validated

[1A[2K✅ custom profile structure validated

[1A[2K[23/146] [chromium] › tests/e2e/api-regression-validation.spec.js:122:3 › API Regression Validation › Calculation Edge Cases - Boundary Validation
[1A[2K[chromium] › tests/e2e/api-regression-validation.spec.js:122:3 › API Regression Validation › Calculation Edge Cases - Boundary Validation
✅ Edge Cases - All boundary conditions handle correctly

[1A[2K[24/146] [chromium] › tests/e2e/api-regression-validation.spec.js:144:3 › API Regression Validation › UCL Specific Requirements Validation
[1A[2K[chromium] › tests/e2e/api-regression-validation.spec.js:144:3 › API Regression Validation › UCL Specific Requirements Validation
✅ UCL Requirement: Club Slots must be 5

[1A[2K✅ UCL Requirement: Min managers must be 2

[1A[2K✅ UCL Requirement: Max managers must be 8

[1A[2K✅ UCL Requirement: Budget must be positive

[1A[2K✅ UCL Requirement: Min increment must be 1

[1A[2K✅ UCL Requirement: Anti-snipe must be 30s

[1A[2K[25/146] [chromium] › tests/e2e/auction.spec.ts:32:7 › Auction Tests › Anti-snipe extends timer when bid placed in final seconds
[1A[2K[chromium] › tests/e2e/auction.spec.ts:32:7 › Auction Tests › Anti-snipe extends timer when bid placed in final seconds
🧪 Testing anti-snipe timer extension...

[1A[2K🔐 Logging in user: commissioner@test.com

[1A[2K  12) [chromium] › tests/e2e/auction.spec.ts:32:7 › Auction Tests › Anti-snipe extends timer when bid placed in final seconds 

    TimeoutError: locator.click: Timeout 10000ms exceeded.
    Call log:
    [2m  - waiting for locator('[data-testid="auth-magic-link-submit"]')[22m


       at utils/helpers.ts:22

      20 |   // Fill email and submit magic link form using test IDs
      21 |   await page.locator(`[data-testid="${TESTIDS.authEmailInput}"]`).fill(email);
    > 22 |   await page.locator(`[data-testid="${TESTIDS.authSubmitBtn}"]`).click();
         |                                                                    ^
      23 |   
      24 |   // Wait for magic link sent confirmation and click login button using test ID
      25 |   await page.locator(`[data-testid="dev-magic-link-btn"]`).waitFor({ state: 'visible', timeout: 10000 });
        at login (/app/tests/e2e/utils/helpers.ts:22:68)
        at /app/tests/e2e/auction.spec.ts:36:5

    attachment #1: screenshot (image/png) ──────────────────────────────────────────────────────────
    test-results/auction-Auction-Tests-Anti-85b3b-bid-placed-in-final-seconds-chromium/test-failed-2.png
    ────────────────────────────────────────────────────────────────────────────────────────────────

    attachment #2: screenshot (image/png) ──────────────────────────────────────────────────────────
    test-results/auction-Auction-Tests-Anti-85b3b-bid-placed-in-final-seconds-chromium/test-failed-1.png
    ────────────────────────────────────────────────────────────────────────────────────────────────

    attachment #3: screenshot (image/png) ──────────────────────────────────────────────────────────
    test-results/auction-Auction-Tests-Anti-85b3b-bid-placed-in-final-seconds-chromium/test-failed-3.png
    ────────────────────────────────────────────────────────────────────────────────────────────────

    Error Context: test-results/auction-Auction-Tests-Anti-85b3b-bid-placed-in-final-seconds-chromium/error-context.md

    attachment #5: trace (application/zip) ─────────────────────────────────────────────────────────
    test-results/auction-Auction-Tests-Anti-85b3b-bid-placed-in-final-seconds-chromium/trace.zip
    Usage:

        npx playwright show-trace test-results/auction-Auction-Tests-Anti-85b3b-bid-placed-in-final-seconds-chromium/trace.zip

    ────────────────────────────────────────────────────────────────────────────────────────────────


[1A[2K[26/146] [chromium] › tests/e2e/auction.spec.ts:89:7 › Auction Tests › Simultaneous bids resolve deterministically
[1A[2K[chromium] › tests/e2e/auction.spec.ts:89:7 › Auction Tests › Simultaneous bids resolve deterministically
🧪 Testing simultaneous bid resolution...

[1A[2K🔐 Logging in user: commissioner-sim@test.com

[1A[2K  13) [chromium] › tests/e2e/auction.spec.ts:89:7 › Auction Tests › Simultaneous bids resolve deterministically 

    TimeoutError: locator.click: Timeout 10000ms exceeded.
    Call log:
    [2m  - waiting for locator('[data-testid="auth-magic-link-submit"]')[22m


       at utils/helpers.ts:22

      20 |   // Fill email and submit magic link form using test IDs
      21 |   await page.locator(`[data-testid="${TESTIDS.authEmailInput}"]`).fill(email);
    > 22 |   await page.locator(`[data-testid="${TESTIDS.authSubmitBtn}"]`).click();
         |                                                                    ^
      23 |   
      24 |   // Wait for magic link sent confirmation and click login button using test ID
      25 |   await page.locator(`[data-testid="dev-magic-link-btn"]`).waitFor({ state: 'visible', timeout: 10000 });
        at login (/app/tests/e2e/utils/helpers.ts:22:68)
        at /app/tests/e2e/auction.spec.ts:93:5

    attachment #1: screenshot (image/png) ──────────────────────────────────────────────────────────
    test-results/auction-Auction-Tests-Simu-e2e93-s-resolve-deterministically-chromium/test-failed-3.png
    ────────────────────────────────────────────────────────────────────────────────────────────────

    attachment #2: screenshot (image/png) ──────────────────────────────────────────────────────────
    test-results/auction-Auction-Tests-Simu-e2e93-s-resolve-deterministically-chromium/test-failed-1.png
    ────────────────────────────────────────────────────────────────────────────────────────────────

    attachment #3: screenshot (image/png) ──────────────────────────────────────────────────────────
    test-results/auction-Auction-Tests-Simu-e2e93-s-resolve-deterministically-chromium/test-failed-2.png
    ────────────────────────────────────────────────────────────────────────────────────────────────

    Error Context: test-results/auction-Auction-Tests-Simu-e2e93-s-resolve-deterministically-chromium/error-context.md

    attachment #5: trace (application/zip) ─────────────────────────────────────────────────────────
    test-results/auction-Auction-Tests-Simu-e2e93-s-resolve-deterministically-chromium/trace.zip
    Usage:

        npx playwright show-trace test-results/auction-Auction-Tests-Simu-e2e93-s-resolve-deterministically-chromium/trace.zip

    ────────────────────────────────────────────────────────────────────────────────────────────────


[1A[2K[27/146] [chromium] › tests/e2e/auction.spec.ts:130:7 › Auction Tests › Safe lot close prevents data corruption
[1A[2K[chromium] › tests/e2e/auction.spec.ts:130:7 › Auction Tests › Safe lot close prevents data corruption
🧪 Testing safe lot closing...

[1A[2K🔐 Logging in user: commissioner-close@test.com

[1A[2K  14) [chromium] › tests/e2e/auction.spec.ts:130:7 › Auction Tests › Safe lot close prevents data corruption 

    TimeoutError: locator.click: Timeout 10000ms exceeded.
    Call log:
    [2m  - waiting for locator('[data-testid="auth-magic-link-submit"]')[22m


       at utils/helpers.ts:22

      20 |   // Fill email and submit magic link form using test IDs
      21 |   await page.locator(`[data-testid="${TESTIDS.authEmailInput}"]`).fill(email);
    > 22 |   await page.locator(`[data-testid="${TESTIDS.authSubmitBtn}"]`).click();
         |                                                                    ^
      23 |   
      24 |   // Check if dev magic link button appears (conditional in development mode)
      25 |   const devMagicBtn = page.locator('[data-testid="dev-magic-link-btn"]');
        at login (/app/tests/e2e/utils/helpers.ts:22:68)
        at /app/tests/e2e/auction.spec.ts:134:5

    attachment #1: screenshot (image/png) ──────────────────────────────────────────────────────────
    test-results/auction-Auction-Tests-Safe-44161-se-prevents-data-corruption-chromium/test-failed-1.png
    ────────────────────────────────────────────────────────────────────────────────────────────────

    attachment #2: screenshot (image/png) ──────────────────────────────────────────────────────────
    test-results/auction-Auction-Tests-Safe-44161-se-prevents-data-corruption-chromium/test-failed-3.png
    ────────────────────────────────────────────────────────────────────────────────────────────────

    attachment #3: screenshot (image/png) ──────────────────────────────────────────────────────────
    test-results/auction-Auction-Tests-Safe-44161-se-prevents-data-corruption-chromium/test-failed-2.png
    ────────────────────────────────────────────────────────────────────────────────────────────────

    Error Context: test-results/auction-Auction-Tests-Safe-44161-se-prevents-data-corruption-chromium/error-context.md

    attachment #5: trace (application/zip) ─────────────────────────────────────────────────────────
    test-results/auction-Auction-Tests-Safe-44161-se-prevents-data-corruption-chromium/trace.zip
    Usage:

        npx playwright show-trace test-results/auction-Auction-Tests-Safe-44161-se-prevents-data-corruption-chromium/trace.zip

    ────────────────────────────────────────────────────────────────────────────────────────────────


[1A[2K[28/146] [chromium] › tests/e2e/auction.spec.ts:174:7 › Auction Tests › Undo disabled once next lot opens
[1A[2K[chromium] › tests/e2e/auction.spec.ts:174:7 › Auction Tests › Undo disabled once next lot opens
🧪 Testing undo button behavior...

[1A[2K🔐 Logging in user: commissioner-undo@test.com

[1A[2K  15) [chromium] › tests/e2e/auction.spec.ts:174:7 › Auction Tests › Undo disabled once next lot opens 

    TimeoutError: locator.click: Timeout 10000ms exceeded.
    Call log:
    [2m  - waiting for locator('[data-testid="auth-magic-link-submit"]')[22m


       at utils/helpers.ts:22

      20 |   // Fill email and submit magic link form using test IDs
      21 |   await page.locator(`[data-testid="${TESTIDS.authEmailInput}"]`).fill(email);
    > 22 |   await page.locator(`[data-testid="${TESTIDS.authSubmitBtn}"]`).click();
         |                                                                    ^
      23 |   
      24 |   // Wait for success message to appear (indicates backend processing complete)
      25 |   await page.locator(`[data-testid="${TESTIDS.authSuccess}"]`).waitFor({ state: 'visible', timeout: 10000 });
        at login (/app/tests/e2e/utils/helpers.ts:22:68)
        at /app/tests/e2e/auction.spec.ts:178:5

    Error: browserContext._wrapApiCall: ENOENT: no such file or directory, open '/app/test-results/.playwright-artifacts-14/traces/0671ecdb228e1389986c-d6b27c4d25e773f6e60e-recording3.trace'

    Error: browserContext._wrapApiCall: ENOENT: no such file or directory, open '/app/test-results/.playwright-artifacts-14/traces/0671ecdb228e1389986c-d6b27c4d25e773f6e60e-recording3.trace'

    Error: ENOENT: no such file or directory, open '/app/test-results/.playwright-artifacts-14/27da398fca347c5e006f275cdd49730c.zip'

    [31mTest timeout of 60000ms exceeded.[39m

    attachment #1: screenshot (image/png) ──────────────────────────────────────────────────────────
    test-results/auction-Auction-Tests-Undo-disabled-once-next-lot-opens-chromium/test-failed-3.png
    ────────────────────────────────────────────────────────────────────────────────────────────────

    attachment #2: screenshot (image/png) ──────────────────────────────────────────────────────────
    test-results/auction-Auction-Tests-Undo-disabled-once-next-lot-opens-chromium/test-failed-2.png
    ────────────────────────────────────────────────────────────────────────────────────────────────

    attachment #3: screenshot (image/png) ──────────────────────────────────────────────────────────
    test-results/auction-Auction-Tests-Undo-disabled-once-next-lot-opens-chromium/test-failed-1.png
    ────────────────────────────────────────────────────────────────────────────────────────────────


[1A[2K[29/146] [chromium] › tests/e2e/auction.spec.ts:229:7 › Auction Tests › Bid validation prevents invalid amounts
[1A[2K[chromium] › tests/e2e/auction.spec.ts:229:7 › Auction Tests › Bid validation prevents invalid amounts
🧪 Testing bid validation...

[1A[2K🔐 Logging in user: commissioner-validation@test.com

[1A[2K  16) [chromium] › tests/e2e/auction.spec.ts:229:7 › Auction Tests › Bid validation prevents invalid amounts 

    TimeoutError: locator.click: Timeout 10000ms exceeded.
    Call log:
    [2m  - waiting for locator('[data-testid="auth-magic-link-submit"]')[22m


       at utils/helpers.ts:22

      20 |   // Fill email and submit magic link form using test IDs
      21 |   const emailInput = page.locator(`[data-testid="${TESTIDS.authEmailInput}"]`);
    > 22 |   const submitBtn = page.locator(`[data-testid="${TESTIDS.authSubmitBtn}"]`);
         |                                                                    ^
      23 |   
      24 |   await emailInput.fill(email);
      25 |   
        at login (/app/tests/e2e/utils/helpers.ts:22:68)
        at /app/tests/e2e/auction.spec.ts:233:5

    attachment #1: screenshot (image/png) ──────────────────────────────────────────────────────────
    test-results/auction-Auction-Tests-Bid--a1da7-on-prevents-invalid-amounts-chromium/test-failed-2.png
    ────────────────────────────────────────────────────────────────────────────────────────────────

    attachment #2: screenshot (image/png) ──────────────────────────────────────────────────────────
    test-results/auction-Auction-Tests-Bid--a1da7-on-prevents-invalid-amounts-chromium/test-failed-3.png
    ────────────────────────────────────────────────────────────────────────────────────────────────

    attachment #3: screenshot (image/png) ──────────────────────────────────────────────────────────
    test-results/auction-Auction-Tests-Bid--a1da7-on-prevents-invalid-amounts-chromium/test-failed-1.png
    ────────────────────────────────────────────────────────────────────────────────────────────────

    Error Context: test-results/auction-Auction-Tests-Bid--a1da7-on-prevents-invalid-amounts-chromium/error-context.md

    attachment #5: trace (application/zip) ─────────────────────────────────────────────────────────
    test-results/auction-Auction-Tests-Bid--a1da7-on-prevents-invalid-amounts-chromium/trace.zip
    Usage:

        npx playwright show-trace test-results/auction-Auction-Tests-Bid--a1da7-on-prevents-invalid-amounts-chromium/trace.zip

    ────────────────────────────────────────────────────────────────────────────────────────────────


[1A[2K[30/146] [chromium] › tests/e2e/auth_ui.spec.ts:11:7 › Authentication UI Tests › Login page renders form with all required testid elements
[1A[2K[chromium] › tests/e2e/auth_ui.spec.ts:11:7 › Authentication UI Tests › Login page renders form with all required testid elements
✅ Login form renders correctly with all required testid elements

[1A[2K[31/146] [chromium] › tests/e2e/auth_ui.spec.ts:41:7 › Authentication UI Tests › Submit button is disabled for invalid email
[1A[2K[32/146] [chromium] › tests/e2e/auth_ui.spec.ts:65:7 › Authentication UI Tests › Shows error for invalid email submission
[1A[2K  17) [chromium] › tests/e2e/auth_ui.spec.ts:65:7 › Authentication UI Tests › Shows error for invalid email submission 

    Error: [2mexpect([22m[31mlocator[39m[2m).[22mtoBeVisible[2m()[22m failed

    Locator:  locator('[data-testid="auth-error"]')
    Expected: visible
    Received: <element(s) not found>
    Timeout:  10000ms

    Call log:
    [2m  - Expect "toBeVisible" with timeout 10000ms[22m
    [2m  - waiting for locator('[data-testid="auth-error"]')[22m


      77 |     
      78 |     // Error should be visible
    > 79 |     await expect(errorElement).toBeVisible();
         |                                ^
      80 |     await expect(errorElement).toContainText('valid email address');
      81 |   });
      82 |
        at /app/tests/e2e/auth_ui.spec.ts:79:32

    attachment #1: screenshot (image/png) ──────────────────────────────────────────────────────────
    test-results/auth_ui-Authentication-UI--bde9a-or-invalid-email-submission-chromium/test-failed-1.png
    ────────────────────────────────────────────────────────────────────────────────────────────────

    attachment #2: video (video/webm) ──────────────────────────────────────────────────────────────
    test-results/auth_ui-Authentication-UI--bde9a-or-invalid-email-submission-chromium/video.webm
    ────────────────────────────────────────────────────────────────────────────────────────────────

    Error Context: test-results/auth_ui-Authentication-UI--bde9a-or-invalid-email-submission-chromium/error-context.md

    attachment #4: trace (application/zip) ─────────────────────────────────────────────────────────
    test-results/auth_ui-Authentication-UI--bde9a-or-invalid-email-submission-chromium/trace.zip
    Usage:

        npx playwright show-trace test-results/auth_ui-Authentication-UI--bde9a-or-invalid-email-submission-chromium/trace.zip

    ────────────────────────────────────────────────────────────────────────────────────────────────


[1A[2K[33/146] [chromium] › tests/e2e/auth_ui.spec.ts:83:7 › Authentication UI Tests › Successfully submits valid email and shows success
[1A[2K[chromium] › tests/e2e/auth_ui.spec.ts:83:7 › Authentication UI Tests › Successfully submits valid email and shows success
Browser Console: Magic link response: {message: Magic link generated! (Development Mode - Check below), dev_magic_link: https://pifa-league.preview.emergentagent.com/aut…msifQ.Yu2ihgmZAEA4fpmOm-KNHO7oCxWcz_pf8wVLMNhDb40}

[1A[2KBrowser Console: Test mode: false

[1A[2KAPI Response: {
  message: [32m'Magic link generated! (Development Mode - Check below)'[39m,
  dev_magic_link: [32m'https://pifa-league.preview.emergentagent.com/auth/verify?token=eyJhbGciOiJIUzI1NiIsInR5cCI6IkpXVCJ9.eyJlbWFpbCI6InBsYXl3cmlnaHQtdGVzdEBleGFtcGxlLmNvbSIsImV4cCI6MTc1OTAyMzAwNCwidHlwZSI6Im1hZ2ljX2xpbmsifQ.Yu2ihgmZAEA4fpmOm-KNHO7oCxWcz_pf8wVLMNhDb40'[39m
}

[1A[2KDev magic link button found, clicking...

[1A[2K[34/146] [chromium] › tests/e2e/auth_ui.spec.ts:127:7 › Authentication UI Tests › Back to Home navigation works
[1A[2K[35/146] [chromium] › tests/e2e/auth_ui.spec.ts:137:7 › Authentication UI Tests › Form handles loading state correctly
[1A[2K  18) [chromium] › tests/e2e/auth_ui.spec.ts:137:7 › Authentication UI Tests › Form handles loading state correctly 

    Error: [2mexpect([22m[31mlocator[39m[2m).[22mtoContainText[2m([22m[32mexpected[39m[2m)[22m failed

    Locator: locator('[data-testid="auth-submit-btn"]')
    Expected string: [32m"Send[7ming[27m Magic Link"[39m
    Received string: [31m"Send Magic Link"[39m
    Timeout: 10000ms

    Call log:
    [2m  - Expect "toContainText" with timeout 10000ms[22m
    [2m  - waiting for locator('[data-testid="auth-submit-btn"]')[22m
    [2m    14 × locator resolved to <button type="submit" data-testid="auth-submit-btn" class="inline-flex items-center justify-center gap-2 whitespace-nowrap rounded-md text-sm font-medium focus-visible:outline-none focus-visible:ring-1 focus-visible:ring-ring disabled:pointer-events-none disabled:opacity-50 [&_svg]:pointer-events-none [&_svg]:size-4 [&_svg]:shrink-0 text-primary-foreground shadow h-9 px-4 py-2 w-full bg-blue-600 hover:bg-blue-700 transition-all duration-200">…</button>[22m
    [2m       - unexpected value "Send Magic Link"[22m


      146 |     
      147 |     // Button should show loading text and be disabled
    > 148 |     await expect(submitBtn).toContainText('Sending Magic Link');
          |                             ^
      149 |     await expect(submitBtn).toBeDisabled();
      150 |   });
      151 |
        at /app/tests/e2e/auth_ui.spec.ts:148:29

    attachment #1: screenshot (image/png) ──────────────────────────────────────────────────────────
    test-results/auth_ui-Authentication-UI--050d0-les-loading-state-correctly-chromium/test-failed-1.png
    ────────────────────────────────────────────────────────────────────────────────────────────────

    attachment #2: video (video/webm) ──────────────────────────────────────────────────────────────
    test-results/auth_ui-Authentication-UI--050d0-les-loading-state-correctly-chromium/video.webm
    ────────────────────────────────────────────────────────────────────────────────────────────────

    Error Context: test-results/auth_ui-Authentication-UI--050d0-les-loading-state-correctly-chromium/error-context.md

    attachment #4: trace (application/zip) ─────────────────────────────────────────────────────────
    test-results/auth_ui-Authentication-UI--050d0-les-loading-state-correctly-chromium/trace.zip
    Usage:

        npx playwright show-trace test-results/auth_ui-Authentication-UI--050d0-les-loading-state-correctly-chromium/trace.zip

    ────────────────────────────────────────────────────────────────────────────────────────────────


[1A[2K[36/146] [chromium] › tests/e2e/auth_ui.spec.ts:152:7 › Authentication UI Tests › No dead ends - page always has navigation options
[1A[2K  19) [chromium] › tests/e2e/auth_ui.spec.ts:152:7 › Authentication UI Tests › No dead ends - page always has navigation options 

    Error: expect.toBeVisible: Error: strict mode violation: locator('header') resolved to 2 elements:
        1) <header class="sticky top-0 w-full bg-theme-surface/95 backdrop-blur-sm border-b border-theme-surface-border z-50">…</header> aka getByText('Friends of PIFASign InGet StartedSkip to main content')
        2) <header data-testid="login-header" class="bg-white shadow-sm border-b">…</header> aka getByTestId('login-header')

    Call log:
    [2m  - Expect "toBeVisible" with timeout 10000ms[22m
    [2m  - waiting for locator('header')[22m


      152 |   test('No dead ends - page always has navigation options', async ({ page }) => {
      153 |     // Verify header is present
    > 154 |     await expect(page.locator('header')).toBeVisible();
          |                                          ^
      155 |     
      156 |     // Verify back to home link is always present
      157 |     await expect(page.locator('[data-testid="back-to-home-link"]')).toBeVisible();
        at /app/tests/e2e/auth_ui.spec.ts:154:42

    attachment #1: screenshot (image/png) ──────────────────────────────────────────────────────────
    test-results/auth_ui-Authentication-UI--6e953-ways-has-navigation-options-chromium/test-failed-1.png
    ────────────────────────────────────────────────────────────────────────────────────────────────

    attachment #2: video (video/webm) ──────────────────────────────────────────────────────────────
    test-results/auth_ui-Authentication-UI--6e953-ways-has-navigation-options-chromium/video.webm
    ────────────────────────────────────────────────────────────────────────────────────────────────

    Error Context: test-results/auth_ui-Authentication-UI--6e953-ways-has-navigation-options-chromium/error-context.md

    attachment #4: trace (application/zip) ─────────────────────────────────────────────────────────
    test-results/auth_ui-Authentication-UI--6e953-ways-has-navigation-options-chromium/trace.zip
    Usage:

        npx playwright show-trace test-results/auth_ui-Authentication-UI--6e953-ways-has-navigation-options-chromium/trace.zip

    ────────────────────────────────────────────────────────────────────────────────────────────────


[1A[2K[37/146] [chromium] › tests/e2e/auth_ui.spec.ts:170:7 › Authentication UI Tests › Test mode disables animations
[1A[2K[38/146] [chromium] › tests/e2e/auth_ui.spec.ts:190:7 › Authentication UI Integration › Form submission works using only testids
[1A[2K[chromium] › tests/e2e/auth_ui.spec.ts:190:7 › Authentication UI Integration › Form submission works using only testids
✅ Form submission completed successfully using testids

[1A[2K[39/146] [chromium] › tests/e2e/auth_ui.spec.ts:221:7 › Authentication UI Integration › Complete auth flow using UI login mode
[1A[2K[chromium] › tests/e2e/auth_ui.spec.ts:221:7 › Authentication UI Integration › Complete auth flow using UI login mode
🔐 Logging in user: ui-integration-test@example.com (mode: ui)

[1A[2K🖱️  UI login for user: ui-integration-test@example.com

[1A[2K✅ UI login successful: ui-integration-test@example.com

[1A[2K[40/146] [chromium] › tests/e2e/auth_ui.spec.ts:233:7 › Authentication UI Integration › Shows error for empty email with proper UX
[1A[2K[chromium] › tests/e2e/auth_ui.spec.ts:233:7 › Authentication UI Integration › Shows error for empty email with proper UX
🧪 Testing empty email error handling...

[1A[2K  20) [chromium] › tests/e2e/auth_ui.spec.ts:233:7 › Authentication UI Integration › Shows error for empty email with proper UX 

    TimeoutError: locator.fill: Timeout 10000ms exceeded.
    Call log:
    [2m  - waiting for locator('[data-testid="auth-email-input"]')[22m


      239 |
      240 |     // Submit with empty email (form validation should prevent this, but test anyway)
    > 241 |     await emailInput.fill('');
          |                      ^
      242 |     await expect(submitBtn).toBeDisabled();
      243 |     
      244 |     // Add some text then clear it to test error behavior
        at /app/tests/e2e/auth_ui.spec.ts:241:22

    attachment #1: screenshot (image/png) ──────────────────────────────────────────────────────────
    test-results/auth_ui-Authentication-UI--2725b--empty-email-with-proper-UX-chromium/test-failed-1.png
    ────────────────────────────────────────────────────────────────────────────────────────────────

    attachment #2: video (video/webm) ──────────────────────────────────────────────────────────────
    test-results/auth_ui-Authentication-UI--2725b--empty-email-with-proper-UX-chromium/video.webm
    ────────────────────────────────────────────────────────────────────────────────────────────────

    attachment #3: trace (application/zip) ─────────────────────────────────────────────────────────
    test-results/auth_ui-Authentication-UI--2725b--empty-email-with-proper-UX-chromium/trace.zip
    Usage:

        npx playwright show-trace test-results/auth_ui-Authentication-UI--2725b--empty-email-with-proper-UX-chromium/trace.zip

    ────────────────────────────────────────────────────────────────────────────────────────────────


[1A[2K[41/146] [chromium] › tests/e2e/auth_ui.spec.ts:254:7 › Authentication UI Integration › Shows error for invalid email format with concise message
[1A[2K[chromium] › tests/e2e/auth_ui.spec.ts:254:7 › Authentication UI Integration › Shows error for invalid email format with concise message
🧪 Testing invalid email error handling...

[1A[2K  21) [chromium] › tests/e2e/auth_ui.spec.ts:254:7 › Authentication UI Integration › Shows error for invalid email format with concise message 

    TimeoutError: locator.fill: Timeout 10000ms exceeded.
    Call log:
    [2m  - waiting for locator('[data-testid="auth-email-input"]')[22m


      260 |
      261 |     // Enter invalid email and try to submit
    > 262 |     await emailInput.fill('invalid-email-format');
          |                      ^
      263 |     
      264 |     // Button should be disabled for invalid email
      265 |     await expect(submitBtn).toBeDisabled();
        at /app/tests/e2e/auth_ui.spec.ts:262:22

    attachment #1: screenshot (image/png) ──────────────────────────────────────────────────────────
    test-results/auth_ui-Authentication-UI--fbee4-format-with-concise-message-chromium/test-failed-1.png
    ────────────────────────────────────────────────────────────────────────────────────────────────

    attachment #2: video (video/webm) ──────────────────────────────────────────────────────────────
    test-results/auth_ui-Authentication-UI--fbee4-format-with-concise-message-chromium/video.webm
    ────────────────────────────────────────────────────────────────────────────────────────────────

    attachment #3: trace (application/zip) ─────────────────────────────────────────────────────────
    test-results/auth_ui-Authentication-UI--fbee4-format-with-concise-message-chromium/trace.zip
    Usage:

        npx playwright show-trace test-results/auth_ui-Authentication-UI--fbee4-format-with-concise-message-chromium/trace.zip

    ────────────────────────────────────────────────────────────────────────────────────────────────


[1A[2K[42/146] [chromium] › tests/e2e/auth_ui.spec.ts:300:7 › Authentication UI Integration › Error clears when user starts typing
[1A[2K[chromium] › tests/e2e/auth_ui.spec.ts:300:7 › Authentication UI Integration › Error clears when user starts typing
🧪 Testing error clearing behavior...

[1A[2K  22) [chromium] › tests/e2e/auth_ui.spec.ts:300:7 › Authentication UI Integration › Error clears when user starts typing 

    TimeoutError: locator.fill: Timeout 10000ms exceeded.
    Call log:
    [2m  - waiting for locator('[data-testid="auth-email-input"]')[22m


      306 |
      307 |     // Enter email that might trigger error
    > 308 |     await emailInput.fill('error-test@invaliddomain999.com');
          |                      ^
      309 |     await submitBtn.click();
      310 |     
      311 |     // Wait a moment for any potential error
        at /app/tests/e2e/auth_ui.spec.ts:308:22

    attachment #1: screenshot (image/png) ──────────────────────────────────────────────────────────
    test-results/auth_ui-Authentication-UI--b7efb-ars-when-user-starts-typing-chromium/test-failed-1.png
    ────────────────────────────────────────────────────────────────────────────────────────────────

    attachment #2: video (video/webm) ──────────────────────────────────────────────────────────────
    test-results/auth_ui-Authentication-UI--b7efb-ars-when-user-starts-typing-chromium/video.webm
    ────────────────────────────────────────────────────────────────────────────────────────────────

    attachment #3: trace (application/zip) ─────────────────────────────────────────────────────────
    test-results/auth_ui-Authentication-UI--b7efb-ars-when-user-starts-typing-chromium/trace.zip
    Usage:

        npx playwright show-trace test-results/auth_ui-Authentication-UI--b7efb-ars-when-user-starts-typing-chromium/trace.zip

    ────────────────────────────────────────────────────────────────────────────────────────────────


[1A[2K[43/146] [chromium] › tests/e2e/auth_ui.spec.ts:329:7 › Authentication UI Integration › Submit button states work correctly during loading
[1A[2K[chromium] › tests/e2e/auth_ui.spec.ts:329:7 › Authentication UI Integration › Submit button states work correctly during loading
🧪 Testing submit button states...

[1A[2K  23) [chromium] › tests/e2e/auth_ui.spec.ts:329:7 › Authentication UI Integration › Submit button states work correctly during loading 

    TimeoutError: locator.fill: Timeout 10000ms exceeded.
    Call log:
    [2m  - waiting for locator('[data-testid="auth-email-input"]')[22m


      334 |
      335 |     // Fill valid email
    > 336 |     await emailInput.fill('loading-test@example.com');
          |                      ^
      337 |     
      338 |     // Button should be enabled
      339 |     await expect(submitBtn).toBeEnabled();
        at /app/tests/e2e/auth_ui.spec.ts:336:22

    Error: apiRequestContext._wrapApiCall: ENOENT: no such file or directory, open '/app/test-results/.playwright-artifacts-22/traces/03a6b9075963f640fefd-ef2d4aa0749639d18765.trace'

    Error: ENOENT: no such file or directory, open '/app/test-results/.playwright-artifacts-22/9eaad02d582fad7ab320625d8eda14ff.zip'

    [31mTest timeout of 60000ms exceeded.[39m

    attachment #1: screenshot (image/png) ──────────────────────────────────────────────────────────
    test-results/auth_ui-Authentication-UI--7bdf6-rk-correctly-during-loading-chromium/test-failed-1.png
    ────────────────────────────────────────────────────────────────────────────────────────────────


[1A[2K[44/146] [chromium] › tests/e2e/auth_ui.spec.ts:361:7 › Authentication UI Integration › Error display has proper accessibility attributes
[1A[2K[chromium] › tests/e2e/auth_ui.spec.ts:361:7 › Authentication UI Integration › Error display has proper accessibility attributes
🧪 Testing error accessibility...

[1A[2K  24) [chromium] › tests/e2e/auth_ui.spec.ts:361:7 › Authentication UI Integration › Error display has proper accessibility attributes 

    TimeoutError: locator.fill: Timeout 10000ms exceeded.
    Call log:
    [2m  - waiting for locator('[data-testid="auth-email-input"]')[22m


      367 |
      368 |     // Try to trigger an error
    > 369 |     await emailInput.fill('accessibility-test@invaliddomain999.com');
          |                      ^
      370 |     await submitBtn.click();
      371 |     await page.waitForTimeout(2000);
      372 |
        at /app/tests/e2e/auth_ui.spec.ts:369:22

    attachment #1: screenshot (image/png) ──────────────────────────────────────────────────────────
    test-results/auth_ui-Authentication-UI--cfda5-er-accessibility-attributes-chromium/test-failed-1.png
    ────────────────────────────────────────────────────────────────────────────────────────────────

    attachment #2: video (video/webm) ──────────────────────────────────────────────────────────────
    test-results/auth_ui-Authentication-UI--cfda5-er-accessibility-attributes-chromium/video.webm
    ────────────────────────────────────────────────────────────────────────────────────────────────

    attachment #3: trace (application/zip) ─────────────────────────────────────────────────────────
    test-results/auth_ui-Authentication-UI--cfda5-er-accessibility-attributes-chromium/trace.zip
    Usage:

        npx playwright show-trace test-results/auth_ui-Authentication-UI--cfda5-er-accessibility-attributes-chromium/trace.zip

    ────────────────────────────────────────────────────────────────────────────────────────────────


[1A[2K[45/146] [chromium] › tests/e2e/auth-gate.spec.ts:4:5 › PRE-GATE: Auth UI elements validation
[1A[2K[chromium] › tests/e2e/auth-gate.spec.ts:4:5 › PRE-GATE: Auth UI elements validation
🔐 PRE-GATE 2: Checking auth UI elements on /login...

[1A[2K✅ PRE-GATE 2 PASSED: Auth UI elements found (authEmailInput + authSubmitBtn)

[1A[2K[46/146] [chromium] › tests/e2e/basic-e2e.spec.js:47:3 › UCL Auction - Basic E2E Validation › 1. Application Loads Successfully
[1A[2K[chromium] › tests/e2e/basic-e2e.spec.js:47:3 › UCL Auction - Basic E2E Validation › 1. Application Loads Successfully
✅ Application Loading - PASSED Page loaded successfully

[1A[2K[47/146] [chromium] › tests/e2e/basic-e2e.spec.js:69:3 › UCL Auction - Basic E2E Validation › 2. Authentication UI Present
[1A[2K[chromium] › tests/e2e/basic-e2e.spec.js:69:3 › UCL Auction - Basic E2E Validation › 2. Authentication UI Present
❌ Authentication UI - FAILED No authentication UI found

[1A[2K[48/146] [chromium] › tests/e2e/basic-e2e.spec.js:90:3 › UCL Auction - Basic E2E Validation › 3. Competition Profiles API Working
[1A[2K[chromium] › tests/e2e/basic-e2e.spec.js:90:3 › UCL Auction - Basic E2E Validation › 3. Competition Profiles API Working
✅ Competition Profiles API - PASSED Found 3 profiles including UCL

[1A[2K[49/146] [chromium] › tests/e2e/basic-e2e.spec.js:114:3 › UCL Auction - Basic E2E Validation › 4. UCL Competition Profile Structure
[1A[2K[chromium] › tests/e2e/basic-e2e.spec.js:114:3 › UCL Auction - Basic E2E Validation › 4. UCL Competition Profile Structure
❌ UCL Profile Structure - FAILED Incorrect defaults: slots=5, budget=100, size={"min":2,"max":8}

[1A[2K[50/146] [chromium] › tests/e2e/basic-e2e.spec.js:141:3 › UCL Auction - Basic E2E Validation › 5. PATCH Endpoint Exists
[1A[2K[chromium] › tests/e2e/basic-e2e.spec.js:141:3 › UCL Auction - Basic E2E Validation › 5. PATCH Endpoint Exists
✅ PATCH Endpoint Availability - PASSED PATCH endpoint exists (status: 403)

[1A[2K[51/146] [chromium] › tests/e2e/basic-e2e.spec.js:163:3 › UCL Auction - Basic E2E Validation › 6. Responsive Design Check
[1A[2K[chromium] › tests/e2e/basic-e2e.spec.js:163:3 › UCL Auction - Basic E2E Validation › 6. Responsive Design Check
✅ Responsive Design - PASSED Responsive across all viewports

[1A[2K[52/146] [chromium] › tests/e2e/basic-e2e.spec.js:201:3 › UCL Auction - Basic E2E Validation › 7. Performance Check
[1A[2K[chromium] › tests/e2e/basic-e2e.spec.js:201:3 › UCL Auction - Basic E2E Validation › 7. Performance Check
✅ Performance Check - PASSED Loaded in 3591ms with resources

[1A[2K[53/146] [chromium] › tests/e2e/basic-e2e.spec.js:225:3 › UCL Auction - Basic E2E Validation › 8. Navigation Structure
[1A[2K[chromium] › tests/e2e/basic-e2e.spec.js:225:3 › UCL Auction - Basic E2E Validation › 8. Navigation Structure
❌ Navigation Structure - FAILED locator.isVisible: Error: strict mode violation: locator('nav, header, [role="navigation"]') resolved to 3 elements:
    1) <header class="sticky top-0 w-full bg-theme-surface/95 backdrop-blur-sm border-b border-theme-surface-border z-50">…</header> aka getByText('Friends of PIFASign InGet StartedSkip to main content')
    2) <nav role="navigation" class="hidden md:flex items-center space-x-2"></nav> aka getByRole('navigation').filter({ hasText: /^$/ })
    3) <nav role="navigation" aria-label="Page sections navigation" class="sticky top-16 bg-white/95 backdrop-blur-sm border-b border-gray-200 z-40 transition-all duration-300 -translate-y-full opacity-0">…</nav> aka getByRole('navigation', { name: 'Page sections navigation' })

Call log:
[2m    - checking visibility of locator('nav, header, [role="navigation"]')[22m


[1A[2K[54/146] [chromium] › tests/e2e/basic-e2e.spec.js:246:3 › UCL Auction - Basic E2E Validation › 9. Error Handling
[1A[2K[chromium] › tests/e2e/basic-e2e.spec.js:246:3 › UCL Auction - Basic E2E Validation › 9. Error Handling
✅ Error Handling - PASSED Error handling working

[1A[2K[55/146] [chromium] › tests/e2e/basic-e2e.spec.js:270:3 › UCL Auction - Basic E2E Validation › 10. Overall Application Health
[1A[2K[chromium] › tests/e2e/basic-e2e.spec.js:270:3 › UCL Auction - Basic E2E Validation › 10. Overall Application Health
✅ Overall Application Health - PASSED Application healthy - frontend, API, and interactivity working

[1A[2K
============================================================

[1A[2K📊 Basic E2E Test Summary:

[1A[2K⏱️ Duration: 34.99s

[1A[2K✅ Passed: 7

[1A[2K❌ Failed: 3

[1A[2K
✅ Passed Tests:

[1A[2K  - Application Loading

[1A[2K  - Competition Profiles API

[1A[2K  - PATCH Endpoint Availability

[1A[2K  - Responsive Design

[1A[2K  - Performance Check

[1A[2K  - Error Handling

[1A[2K  - Overall Application Health

[1A[2K
❌ Failed Tests:

[1A[2K  - Authentication UI: No authentication UI found

[1A[2K  - UCL Profile Structure: Incorrect defaults: slots=5, budget=100, size={"min":2,"max":8}

[1A[2K  - Navigation Structure: locator.isVisible: Error: strict mode violation: locator('nav, header, [role="navigation"]') resolved to 3 elements:
    1) <header class="sticky top-0 w-full bg-theme-surface/95 backdrop-blur-sm border-b border-theme-surface-border z-50">…</header> aka getByText('Friends of PIFASign InGet StartedSkip to main content')
    2) <nav role="navigation" class="hidden md:flex items-center space-x-2"></nav> aka getByRole('navigation').filter({ hasText: /^$/ })
    3) <nav role="navigation" aria-label="Page sections navigation" class="sticky top-16 bg-white/95 backdrop-blur-sm border-b border-gray-200 z-40 transition-all duration-300 -translate-y-full opacity-0">…</nav> aka getByRole('navigation', { name: 'Page sections navigation' })

Call log:
[2m    - checking visibility of locator('nav, header, [role="navigation"]')[22m


[1A[2K============================================================

[1A[2K[56/146] [chromium] › tests/e2e/breadcrumb-test.spec.ts:11:5 › breadcrumb-home navigation in Create League dialog
[1A[2K[chromium] › tests/e2e/breadcrumb-test.spec.ts:11:5 › breadcrumb-home navigation in Create League dialog
🔐 Logging in user: commish@example.com (mode: test)

[1A[2K🧪 Test-only login for user: commish@example.com

[1A[2K✅ Test-only login successful: commish@example.com

[1A[2K🎯 Using ensureClickable for Create League button...

[1A[2K🎯 Checking clickability at coordinates (1167.5, 392.0)

[1A[2K🔍 Target: BUTTON[data-testid="create-league-btn"]

[1A[2K🔍 Topmost: BUTTON[data-testid="create-league-btn"]

[1A[2K✅ Element is clickable

[1A[2K✅ Element clicked successfully

[1A[2K✅ Breadcrumb navigation test passed

[1A[2K[57/146] [chromium] › tests/e2e/config-drift.spec.js:15:3 › Config Drift Prevention › Rules Badge displays correct format in components
[1A[2K[chromium] › tests/e2e/config-drift.spec.js:15:3 › Config Drift Prevention › Rules Badge displays correct format in components
ℹ️ No Rules badge found on dashboard - normal for main leagues list

[1A[2K[58/146] [chromium] › tests/e2e/config-drift.spec.js:55:3 › Config Drift Prevention › Check for hardcoded "3" values on key pages
[1A[2K[chromium] › tests/e2e/config-drift.spec.js:55:3 › Config Drift Prevention › Check for hardcoded "3" values on key pages
Checking page: https://pifa-league.preview.emergentagent.com/dashboard

[1A[2K✅ No hardcoded "3" values found on https://pifa-league.preview.emergentagent.com/dashboard

[1A[2K[59/146] [chromium] › tests/e2e/config-drift.spec.js:98:3 › Config Drift Prevention › Verify Rules badge format matches specification
[1A[2K[chromium] › tests/e2e/config-drift.spec.js:98:3 › Config Drift Prevention › Verify Rules badge format matches specification
ℹ️ No leagues found to test Rules badge

[1A[2K[60/146] [chromium] › tests/e2e/core-smoke.spec.ts:99:7 › Core Smoke Test › Complete auction flow: create → invite → join → auction → bid → sell
[1A[2K[chromium] › tests/e2e/core-smoke.spec.ts:99:7 › Core Smoke Test › Complete auction flow: create → invite → join → auction → bid → sell
🚀 Starting core smoke test...

[1A[2K📝 Step 1: Commissioner creates league...

[1A[2K🔐 Logging in user: commish@example.com (mode: test)

[1A[2K🧪 Test-only login for user: commish@example.com

[1A[2K✅ Test-only login successful: commish@example.com

[1A[2K🏟️ Creating league: Core Smoke League

[1A[2K🎯 Using ensureClickable for Create League button...

[1A[2K🎯 Checking clickability at coordinates (1167.5, 392.0)

[1A[2K🔍 Target: BUTTON[data-testid="create-league-btn"]

[1A[2K🔍 Topmost: BUTTON[data-testid="create-league-btn"]

[1A[2K✅ Element is clickable

[1A[2KConsole error on Commissioner: Each child in a list should have a unique "key" prop.%s%s See https://react.dev/link/warning-keys for more information. 

Check the render method of `CreateLeagueDialog`. 

[1A[2K✅ Element clicked successfully

[1A[2K📝 Filling form fields with overlay protection...

[1A[2K🎯 Checking clickability at coordinates (640.0, 179.0)

[1A[2K🔍 Target: INPUT#name[data-testid="create-name"]

[1A[2K🔍 Topmost: INPUT#name[data-testid="create-name"]

[1A[2K✅ Element is clickable

[1A[2K🎯 Checking clickability at coordinates (480.5, 536.0)

[1A[2K🔍 Target: INPUT#budget[data-testid="create-budget"]

[1A[2K🔍 Topmost: INPUT#budget[data-testid="create-budget"]

[1A[2K✅ Element is clickable

[1A[2K🎯 Checking clickability at coordinates (799.5, 536.0)

[1A[2K🔍 Target: INPUT#slots[data-testid="create-slots"]

[1A[2K🔍 Topmost: INPUT#slots[data-testid="create-slots"]

[1A[2K✅ Element is clickable

[1A[2K🎯 Checking clickability at coordinates (480.5, 408.0)

[1A[2K🔍 Target: INPUT#minManagers[data-testid="create-min"]

[1A[2K🔍 Topmost: INPUT#minManagers[data-testid="create-min"]

[1A[2K✅ Element is clickable

[1A[2K✅ All form fields filled successfully

[1A[2K🎯 Submitting form with overlay protection...

[1A[2K🎯 Checking clickability at coordinates (798.0, 641.0)

[1A[2K🔍 Target: BUTTON[data-testid="create-submit"]

[1A[2K🔍 Topmost: BUTTON[data-testid="create-submit"]

[1A[2K✅ Element is clickable

[1A[2K✅ Element clicked successfully

[1A[2KTest failed, capturing artifacts...

[1A[2KScreenshots saved with timestamp: 2025-09-28T01-19-19-837Z

[1A[2K  25) [chromium] › tests/e2e/core-smoke.spec.ts:99:7 › Core Smoke Test › Complete auction flow: create → invite → join → auction → bid → sell 

    TimeoutError: page.waitForURL: Timeout 10000ms exceeded.
    =========================== logs ===========================
    waiting for navigation to "**/admin/**" until "load"
    ============================================================

      264 |   
      265 |   // Wait for redirect to league admin page
    > 266 |   await page.waitForURL('**/admin/**', { timeout: 10000 });
          |              ^
      267 |   
      268 |   // Extract league ID from URL
      269 |   const url = page.url();
        at createLeague (/app/tests/e2e/core-smoke.spec.ts:266:14)
        at /app/tests/e2e/core-smoke.spec.ts:106:24

    attachment #1: screenshot (image/png) ──────────────────────────────────────────────────────────
    test-results/core-smoke-Core-Smoke-Test-1e195-join-→-auction-→-bid-→-sell-chromium/test-failed-3.png
    ────────────────────────────────────────────────────────────────────────────────────────────────

    attachment #2: screenshot (image/png) ──────────────────────────────────────────────────────────
    test-results/core-smoke-Core-Smoke-Test-1e195-join-→-auction-→-bid-→-sell-chromium/test-failed-2.png
    ────────────────────────────────────────────────────────────────────────────────────────────────

    attachment #3: screenshot (image/png) ──────────────────────────────────────────────────────────
    test-results/core-smoke-Core-Smoke-Test-1e195-join-→-auction-→-bid-→-sell-chromium/test-failed-1.png
    ────────────────────────────────────────────────────────────────────────────────────────────────

    Error Context: test-results/core-smoke-Core-Smoke-Test-1e195-join-→-auction-→-bid-→-sell-chromium/error-context.md

    attachment #5: trace (application/zip) ─────────────────────────────────────────────────────────
    test-results/core-smoke-Core-Smoke-Test-1e195-join-→-auction-→-bid-→-sell-chromium/trace.zip
    Usage:

        npx playwright show-trace test-results/core-smoke-Core-Smoke-Test-1e195-join-→-auction-→-bid-→-sell-chromium/trace.zip

    ────────────────────────────────────────────────────────────────────────────────────────────────


[1A[2K[61/146] [chromium] › tests/e2e/core.smoke.spec.ts:56:7 › Core Smoke Test › Complete auction flow: Create → Invite → Join → Start → Nominate → Bid → Sell
[1A[2K[chromium] › tests/e2e/core.smoke.spec.ts:56:7 › Core Smoke Test › Complete auction flow: Create → Invite → Join → Start → Nominate → Bid → Sell
🚀 Starting core smoke test...

[1A[2K
📋 Step 1: Commissioner creates league

[1A[2K🔐 Logging in user: commissioner@test.com

[1A[2K[Commissioner] info: %cDownload the React DevTools for a better development experience: https://react.dev/link/react-devtools font-weight:bold

[1A[2K[Commissioner] log: i18next: languageChanged en

[1A[2K[Commissioner] log: i18next: initialized {debug: true, initAsync: true, ns: Array(1), defaultNS: Array(1), fallbackLng: Array(1)}

[1A[2K
❌ Core smoke test failed: locator.click: Timeout 10000ms exceeded.
Call log:
[2m  - waiting for locator('[data-testid="auth-magic-link-submit"]')[22m

    at login [90m(/app/[39mtests/e2e/utils/helpers.ts:22:68[90m)[39m
    at [90m/app/[39mtests/e2e/core.smoke.spec.ts:63:7 {
  name: [32m'TimeoutError'[39m,
  [[32mSymbol(step)[39m]: {
    location: {
      file: [32m'/app/tests/e2e/utils/helpers.ts'[39m,
      line: [33m22[39m,
      column: [33m68[39m,
      function: [32m'login'[39m
    },
    category: [32m'pw:api'[39m,
    title: [32m`Click locator('[data-testid="auth-magic-link-submit"]')`[39m,
    apiName: [32m'locator.click'[39m,
    params: {
      selector: [32m'[data-testid="auth-magic-link-submit"]'[39m,
      strict: [33mtrue[39m,
      timeout: [33m10000[39m
    },
    group: [90mundefined[39m,
    stepId: [32m'pw:api@82'[39m,
    boxedStack: [90mundefined[39m,
    steps: [],
    attachmentIndices: [],
    info: TestStepInfoImpl {
      annotations: [],
      _testInfo: [36m[TestInfoImpl][39m,
      _stepId: [32m'pw:api@82'[39m,
      _title: [32m`Click locator('[data-testid="auth-magic-link-submit"]')`[39m,
      _parentStep: [90mundefined[39m,
      skip: [36m[Function (anonymous)][39m
    },
    recoverFromStepError: [36m[AsyncFunction: recoverFromStepError][39m,
    complete: [36m[Function: complete][39m,
    endWallTime: [33m1759022378117[39m,
    error: {
      message: [32m'TimeoutError: locator.click: Timeout 10000ms exceeded.\n'[39m +
        [32m'Call log:\n'[39m +
        [32m`\x1B[2m  - waiting for locator('[data-testid="auth-magic-link-submit"]')\x1B[22m\n`[39m,
      stack: [32m'TimeoutError: locator.click: Timeout 10000ms exceeded.\n'[39m +
        [32m'Call log:\n'[39m +
        [32m`\x1B[2m  - waiting for locator('[data-testid="auth-magic-link-submit"]')\x1B[22m\n`[39m +
        [32m'\n'[39m +
        [32m'    at login (/app/tests/e2e/utils/helpers.ts:22:68)\n'[39m +
        [32m'    at /app/tests/e2e/core.smoke.spec.ts:63:7'[39m,
      cause: [90mundefined[39m
    }
  }
}

[1A[2K📸 Debug info captured for bob-failure: { url: [32m'about:blank'[39m, logs: [] }

[1A[2K📸 Debug info captured for alice-failure: { url: [32m'about:blank'[39m, logs: [] }

[1A[2K📸 Debug info captured for commissioner-failure: {
  url: [32m'https://pifa-league.preview.emergentagent.com/login'[39m,
  logs: []
}

[1A[2K  26) [chromium] › tests/e2e/core.smoke.spec.ts:56:7 › Core Smoke Test › Complete auction flow: Create → Invite → Join → Start → Nominate → Bid → Sell 

    TimeoutError: locator.click: Timeout 10000ms exceeded.
    Call log:
    [2m  - waiting for locator('[data-testid="auth-magic-link-submit"]')[22m


       at utils/helpers.ts:22

      20 |   // Fill email and submit magic link form using test IDs
      21 |   const emailInput = page.locator(`[data-testid="${TESTIDS.authEmailInput}"]`);
    > 22 |   const submitBtn = page.locator(`[data-testid="${TESTIDS.authSubmitBtn}"]`);
         |                                                                    ^
      23 |   
      24 |   await emailInput.fill(email);
      25 |   
        at login (/app/tests/e2e/utils/helpers.ts:22:68)
        at /app/tests/e2e/core.smoke.spec.ts:63:7

    attachment #1: screenshot (image/png) ──────────────────────────────────────────────────────────
    test-results/core.smoke-Core-Smoke-Test-9904c-art-→-Nominate-→-Bid-→-Sell-chromium/test-failed-2.png
    ────────────────────────────────────────────────────────────────────────────────────────────────

    attachment #2: screenshot (image/png) ──────────────────────────────────────────────────────────
    test-results/core.smoke-Core-Smoke-Test-9904c-art-→-Nominate-→-Bid-→-Sell-chromium/test-failed-3.png
    ────────────────────────────────────────────────────────────────────────────────────────────────

    attachment #3: screenshot (image/png) ──────────────────────────────────────────────────────────
    test-results/core.smoke-Core-Smoke-Test-9904c-art-→-Nominate-→-Bid-→-Sell-chromium/test-failed-1.png
    ────────────────────────────────────────────────────────────────────────────────────────────────

    Error Context: test-results/core.smoke-Core-Smoke-Test-9904c-art-→-Nominate-→-Bid-→-Sell-chromium/error-context.md

    attachment #5: trace (application/zip) ─────────────────────────────────────────────────────────
    test-results/core.smoke-Core-Smoke-Test-9904c-art-→-Nominate-→-Bid-→-Sell-chromium/trace.zip
    Usage:

        npx playwright show-trace test-results/core.smoke-Core-Smoke-Test-9904c-art-→-Nominate-→-Bid-→-Sell-chromium/trace.zip

    ────────────────────────────────────────────────────────────────────────────────────────────────


[1A[2K[62/146] [chromium] › tests/e2e/helper-demo.spec.ts:12:5 › clickCreateLeague helper finds button from multiple entry points
[1A[2K[chromium] › tests/e2e/helper-demo.spec.ts:12:5 › clickCreateLeague helper finds button from multiple entry points
🔐 Logging in user: commish@example.com (mode: test)

[1A[2K🧪 Test-only login for user: commish@example.com

[1A[2K✅ Test-only login successful: commish@example.com

[1A[2K🎯 Using ensureClickable for Create League button...

[1A[2K🎯 Checking clickability at coordinates (1167.5, 392.0)

[1A[2K🔍 Target: BUTTON[data-testid="create-league-btn"]

[1A[2K🔍 Topmost: BUTTON[data-testid="create-league-btn"]

[1A[2K✅ Element is clickable

[1A[2K✅ Element clicked successfully

[1A[2K✅ Helper function successfully found and clicked Create League button

[1A[2K[63/146] [chromium] › tests/e2e/i18n-validation.spec.js:71:3 › i18n Validation - Comprehensive Testing › i18n keys render correctly (no missing string warnings)
[1A[2K[chromium] › tests/e2e/i18n-validation.spec.js:71:3 › i18n Validation - Comprehensive Testing › i18n keys render correctly (no missing string warnings)
✅ No i18n Console Errors - PASSED 0 i18n errors found: 

[1A[2K❌ No Missing Translation Warnings - FAILED 2 i18n warnings found: i18next: languageChanged en; i18next: initialized {debug: true, initAsync: true, ns: Array(1), defaultNS: Array(1), fallbackLng: Array(1)}

[1A[2K❌ i18n Library Initialization - FAILED i18n library properly loaded

[1A[2K[64/146] [chromium] › tests/e2e/i18n-validation.spec.js:108:3 › i18n Validation - Comprehensive Testing › Key brand messaging renders from i18n
[1A[2K[chromium] › tests/e2e/i18n-validation.spec.js:108:3 › i18n Validation - Comprehensive Testing › Key brand messaging renders from i18n
✅ Brand Messaging from i18n - PASSED 3/4 brand elements found

[1A[2K✅ No i18n Placeholders Visible - PASSED No placeholder text detected

[1A[2K[65/146] [chromium] › tests/e2e/i18n-validation.spec.js:155:3 › i18n Validation - Comprehensive Testing › Landing page sections use i18n keys
[1A[2K[chromium] › tests/e2e/i18n-validation.spec.js:155:3 › i18n Validation - Comprehensive Testing › Landing page sections use i18n keys
❌ Landing Sections Have i18n Content - FAILED 1/6 sections with proper content

[1A[2K[66/146] [chromium] › tests/e2e/i18n-validation.spec.js:197:3 › i18n Validation - Comprehensive Testing › Navigation components use i18n keys
[1A[2K[chromium] › tests/e2e/i18n-validation.spec.js:197:3 › i18n Validation - Comprehensive Testing › Navigation components use i18n keys
✅ Navigation i18n Content - PASSED 2/4 navigation elements working

[1A[2K[67/146] [chromium] › tests/e2e/i18n-validation.spec.js:244:3 › i18n Validation - Comprehensive Testing › Footer and legal content use i18n
[1A[2K[chromium] › tests/e2e/i18n-validation.spec.js:244:3 › i18n Validation - Comprehensive Testing › Footer and legal content use i18n
✅ Footer Manifesto i18n - PASSED Footer contains manifesto messaging

[1A[2K✅ Footer Disclaimer i18n - PASSED Footer contains no-gambling disclaimer

[1A[2K✅ Footer Copyright i18n - PASSED Footer contains copyright information

[1A[2K[68/146] [chromium] › tests/e2e/i18n-validation.spec.js:274:3 › i18n Validation - Comprehensive Testing › Theme toggle and accessibility labels use i18n
[1A[2K[chromium] › tests/e2e/i18n-validation.spec.js:274:3 › i18n Validation - Comprehensive Testing › Theme toggle and accessibility labels use i18n
✅ Accessibility Labels i18n - PASSED 9/9 ARIA labels properly translated

[1A[2K[69/146] [chromium] › tests/e2e/i18n-validation.spec.js:312:3 › i18n Validation - Comprehensive Testing › No raw translation keys visible in UI
[1A[2K[chromium] › tests/e2e/i18n-validation.spec.js:312:3 › i18n Validation - Comprehensive Testing › No raw translation keys visible in UI
✅ No Raw Translation Keys - PASSED 0 potential raw keys found: 

[1A[2K✅ No Undefined Values - PASSED No "undefined" text visible

[1A[2K✅ No Object Serialization - PASSED No "[object Object]" visible

[1A[2K✅ No Raw Interpolation - PASSED No "{{key}}" syntax visible

[1A[2K
============================================================

[1A[2K📊 i18n Validation Test Summary:

[1A[2K⏱️ Duration: 47.19s

[1A[2K✅ Passed: 12

[1A[2K❌ Failed: 3

[1A[2K
🎉 Successful Tests:

[1A[2K  - No i18n Console Errors

[1A[2K  - Brand Messaging from i18n

[1A[2K  - No i18n Placeholders Visible

[1A[2K  - Navigation i18n Content

[1A[2K  - Footer Manifesto i18n

[1A[2K  - Footer Disclaimer i18n

[1A[2K  - Footer Copyright i18n

[1A[2K  - Accessibility Labels i18n

[1A[2K  - No Raw Translation Keys

[1A[2K  - No Undefined Values

[1A[2K  - No Object Serialization

[1A[2K  - No Raw Interpolation

[1A[2K
💥 Failed Tests:

[1A[2K  - No Missing Translation Warnings: 2 i18n warnings found: i18next: languageChanged en; i18next: initialized {debug: true, initAsync: true, ns: Array(1), defaultNS: Array(1), fallbackLng: Array(1)}

[1A[2K  - i18n Library Initialization: i18n library properly loaded

[1A[2K  - Landing Sections Have i18n Content: 1/6 sections with proper content

[1A[2K============================================================

[1A[2K[70/146] [chromium] › tests/e2e/landing-page.spec.js:53:3 › Landing Page - Comprehensive Testing › Landing page loads correctly with all sections
[1A[2K[chromium] › tests/e2e/landing-page.spec.js:53:3 › Landing Page - Comprehensive Testing › Landing page loads correctly with all sections
✅ Page Title - PASSED Expected: "Friends of PIFA — Sports gaming with friends. No gambling, all strategy.", Got: "Friends of PIFA — Sports gaming with friends. No gambling, all strategy."

[1A[2K✅ All Main Sections - PASSED 6 sections visible

[1A[2K✅ Hero Section - PASSED Hero title visible

[1A[2K✅ Hero CTA Buttons - PASSED Both CTA buttons visible

[1A[2K✅ Footer - PASSED Footer visible

[1A[2K[71/146] [chromium] › tests/e2e/landing-page.spec.js:102:3 › Landing Page - Comprehensive Testing › Sticky in-page navigation anchors scroll correctly
[1A[2K[chromium] › tests/e2e/landing-page.spec.js:102:3 › Landing Page - Comprehensive Testing › Sticky in-page navigation anchors scroll correctly
✅ Sticky Navigation Visibility - PASSED After scrolling past hero

[1A[2KAnchor scroll test for #how failed: locator.click: Timeout 10000ms exceeded.
Call log:
[2m  - waiting for locator('a[href="#how"], button:has-text("How it Works")').first()[22m
[2m    - locator resolved to <button role="tab" tabindex="0" data-section="how" aria-controls="how" aria-selected="false" data-testid="tab-how" class="px-4 py-2 text-sm font-medium rounded-lg transition-all duration-200 focus:outline-none focus:ring-2 focus:ring-blue-500 focus:ring-offset-2 text-gray-600 hover:text-blue-600 hover:bg-blue-50">…</button>[22m
[2m  - attempting click action[22m
[2m    2 × waiting for element to be visible, enabled and stable[22m
[2m      - element is visible, enabled and stable[22m
[2m      - scrolling into view if needed[22m
[2m      - done scrolling[22m
[2m      - <div class="flex items-center justify-between h-16">…</div> from <header class="sticky top-0 w-full bg-theme-surface/95 backdrop-blur-sm border-b border-theme-surface-border z-50">…</header> subtree intercepts pointer events[22m
[2m    - retrying click action[22m
[2m    - waiting 20ms[22m
[2m    2 × waiting for element to be visible, enabled and stable[22m
[2m      - element is visible, enabled and stable[22m
[2m      - scrolling into view if needed[22m
[2m      - done scrolling[22m
[2m      - <div class="flex items-center justify-between h-16">…</div> from <header class="sticky top-0 w-full bg-theme-surface/95 backdrop-blur-sm border-b border-theme-surface-border z-50">…</header> subtree intercepts pointer events[22m
[2m    - retrying click action[22m
[2m      - waiting 100ms[22m
[2m    18 × waiting for element to be visible, enabled and stable[22m
[2m       - element is visible, enabled and stable[22m
[2m       - scrolling into view if needed[22m
[2m       - done scrolling[22m
[2m       - <div class="flex items-center justify-between h-16">…</div> from <header class="sticky top-0 w-full bg-theme-surface/95 backdrop-blur-sm border-b border-theme-surface-border z-50">…</header> subtree intercepts pointer events[22m
[2m     - retrying click action[22m
[2m       - waiting 500ms[22m


[1A[2KAnchor scroll test for #why failed: locator.click: Timeout 10000ms exceeded.
Call log:
[2m  - waiting for locator('a[href="#why"], button:has-text("Why FoP")').first()[22m
[2m    - locator resolved to <button role="tab" tabindex="0" data-section="why" aria-controls="why" aria-selected="false" data-testid="tab-why" class="px-4 py-2 text-sm font-medium rounded-lg transition-all duration-200 focus:outline-none focus:ring-2 focus:ring-blue-500 focus:ring-offset-2 text-gray-600 hover:text-blue-600 hover:bg-blue-50">…</button>[22m
[2m  - attempting click action[22m
[2m    2 × waiting for element to be visible, enabled and stable[22m
[2m      - element is visible, enabled and stable[22m
[2m      - scrolling into view if needed[22m
[2m      - done scrolling[22m
[2m      - <div class="flex items-center justify-between h-16">…</div> from <header class="sticky top-0 w-full bg-theme-surface/95 backdrop-blur-sm border-b border-theme-surface-border z-50">…</header> subtree intercepts pointer events[22m
[2m    - retrying click action[22m
[2m    - waiting 20ms[22m
[2m    2 × waiting for element to be visible, enabled and stable[22m
[2m      - element is visible, enabled and stable[22m
[2m      - scrolling into view if needed[22m
[2m      - done scrolling[22m
[2m      - <div class="flex items-center justify-between h-16">…</div> from <header class="sticky top-0 w-full bg-theme-surface/95 backdrop-blur-sm border-b border-theme-surface-border z-50">…</header> subtree intercepts pointer events[22m
[2m    - retrying click action[22m
[2m      - waiting 100ms[22m
[2m    19 × waiting for element to be visible, enabled and stable[22m
[2m       - element is visible, enabled and stable[22m
[2m       - scrolling into view if needed[22m
[2m       - done scrolling[22m
[2m       - <div class="flex items-center justify-between h-16">…</div> from <header class="sticky top-0 w-full bg-theme-surface/95 backdrop-blur-sm border-b border-theme-surface-border z-50">…</header> subtree intercepts pointer events[22m
[2m     - retrying click action[22m
[2m       - waiting 500ms[22m


[1A[2KAnchor scroll test for #features failed: locator.click: Timeout 10000ms exceeded.
Call log:
[2m  - waiting for locator('a[href="#features"], button:has-text("Features")').first()[22m
[2m    - locator resolved to <button role="tab" tabindex="0" aria-selected="false" data-section="features" aria-controls="features" class="px-4 py-2 text-sm font-medium rounded-lg transition-all duration-200 focus:outline-none focus:ring-2 focus:ring-blue-500 focus:ring-offset-2 text-gray-600 hover:text-blue-600 hover:bg-blue-50">…</button>[22m
[2m  - attempting click action[22m
[2m    2 × waiting for element to be visible, enabled and stable[22m
[2m      - element is visible, enabled and stable[22m
[2m      - scrolling into view if needed[22m
[2m      - done scrolling[22m
[2m      - <div class="flex items-center justify-between h-16">…</div> from <header class="sticky top-0 w-full bg-theme-surface/95 backdrop-blur-sm border-b border-theme-surface-border z-50">…</header> subtree intercepts pointer events[22m
[2m    - retrying click action[22m
[2m    - waiting 20ms[22m
[2m    2 × waiting for element to be visible, enabled and stable[22m
[2m      - element is visible, enabled and stable[22m
[2m      - scrolling into view if needed[22m
[2m      - done scrolling[22m
[2m      - <div class="flex items-center justify-between h-16">…</div> from <header class="sticky top-0 w-full bg-theme-surface/95 backdrop-blur-sm border-b border-theme-surface-border z-50">…</header> subtree intercepts pointer events[22m
[2m    - retrying click action[22m
[2m      - waiting 100ms[22m
[2m    19 × waiting for element to be visible, enabled and stable[22m
[2m       - element is visible, enabled and stable[22m
[2m       - scrolling into view if needed[22m
[2m       - done scrolling[22m
[2m       - <div class="flex items-center justify-between h-16">…</div> from <header class="sticky top-0 w-full bg-theme-surface/95 backdrop-blur-sm border-b border-theme-surface-border z-50">…</header> subtree intercepts pointer events[22m
[2m     - retrying click action[22m
[2m       - waiting 500ms[22m


[1A[2KAnchor scroll test for #safety failed: locator.click: Timeout 10000ms exceeded.
Call log:
[2m  - waiting for locator('a[href="#safety"], button:has-text("Fair Play")').first()[22m
[2m    - locator resolved to <button role="tab" tabindex="0" data-section="safety" aria-selected="false" aria-controls="safety" data-testid="tab-fair" class="px-4 py-2 text-sm font-medium rounded-lg transition-all duration-200 focus:outline-none focus:ring-2 focus:ring-blue-500 focus:ring-offset-2 text-gray-600 hover:text-blue-600 hover:bg-blue-50">…</button>[22m
[2m  - attempting click action[22m
[2m    2 × waiting for element to be visible, enabled and stable[22m
[2m      - element is visible, enabled and stable[22m
[2m      - scrolling into view if needed[22m
[2m      - done scrolling[22m
[2m      - <div class="flex items-center justify-between h-16">…</div> from <header class="sticky top-0 w-full bg-theme-surface/95 backdrop-blur-sm border-b border-theme-surface-border z-50">…</header> subtree intercepts pointer events[22m
[2m    - retrying click action[22m
[2m    - waiting 20ms[22m
[2m    2 × waiting for element to be visible, enabled and stable[22m
[2m      - element is visible, enabled and stable[22m
[2m      - scrolling into view if needed[22m
[2m      - done scrolling[22m
[2m      - <div class="flex items-center justify-between h-16">…</div> from <header class="sticky top-0 w-full bg-theme-surface/95 backdrop-blur-sm border-b border-theme-surface-border z-50">…</header> subtree intercepts pointer events[22m
[2m    - retrying click action[22m
[2m      - waiting 100ms[22m
[2m    17 × waiting for element to be visible, enabled and stable[22m
[2m       - element is visible, enabled and stable[22m
[2m       - scrolling into view if needed[22m
[2m       - done scrolling[22m
[2m       - <div class="flex items-center justify-between h-16">…</div> from <header class="sticky top-0 w-full bg-theme-surface/95 backdrop-blur-sm border-b border-theme-surface-border z-50">…</header> subtree intercepts pointer events[22m
[2m     - retrying click action[22m
[2m       - waiting 500ms[22m


[1A[2KAnchor scroll test for #faq failed: locator.click: Timeout 10000ms exceeded.
Call log:
[2m  - waiting for locator('a[href="#faq"], button:has-text("FAQ")').first()[22m
[2m    - locator resolved to <button role="tab" tabindex="0" data-section="faq" aria-controls="faq" aria-selected="false" data-testid="tab-faq" class="px-4 py-2 text-sm font-medium rounded-lg transition-all duration-200 focus:outline-none focus:ring-2 focus:ring-blue-500 focus:ring-offset-2 text-gray-600 hover:text-blue-600 hover:bg-blue-50">…</button>[22m
[2m  - attempting click action[22m
[2m    2 × waiting for element to be visible, enabled and stable[22m
[2m      - element is visible, enabled and stable[22m
[2m      - scrolling into view if needed[22m
[2m      - done scrolling[22m
[2m      - <div class="flex items-center justify-between h-16">…</div> from <header class="sticky top-0 w-full bg-theme-surface/95 backdrop-blur-sm border-b border-theme-surface-border z-50">…</header> subtree intercepts pointer events[22m
[2m    - retrying click action[22m
[2m    - waiting 20ms[22m
[2m    2 × waiting for element to be visible, enabled and stable[22m
[2m      - element is visible, enabled and stable[22m
[2m      - scrolling into view if needed[22m
[2m      - done scrolling[22m
[2m      - <div class="flex items-center justify-between h-16">…</div> from <header class="sticky top-0 w-full bg-theme-surface/95 backdrop-blur-sm border-b border-theme-surface-border z-50">…</header> subtree intercepts pointer events[22m
[2m    - retrying click action[22m
[2m      - waiting 100ms[22m
[2m    19 × waiting for element to be visible, enabled and stable[22m
[2m       - element is visible, enabled and stable[22m
[2m       - scrolling into view if needed[22m
[2m       - done scrolling[22m
[2m       - <div class="flex items-center justify-between h-16">…</div> from <header class="sticky top-0 w-full bg-theme-surface/95 backdrop-blur-sm border-b border-theme-surface-border z-50">…</header> subtree intercepts pointer events[22m
[2m     - retrying click action[22m
[2m       - waiting 500ms[22m


[1A[2K✅ Anchor Scrolling - PASSED 1/6 sections scrolled

[1A[2K[72/146] [chromium] › tests/e2e/landing-page.spec.js:171:3 › Landing Page - Comprehensive Testing › Scroll-spy updates active section highlighting
[1A[2K[chromium] › tests/e2e/landing-page.spec.js:171:3 › Landing Page - Comprehensive Testing › Scroll-spy updates active section highlighting
❌ Scroll-spy Active Highlighting - FAILED Active section indicators detected

[1A[2K✅ Browser Hash Updates - PASSED Hash: #home

[1A[2K[73/146] [chromium] › tests/e2e/landing-page.spec.js:215:3 › Landing Page - Comprehensive Testing › CTAs route to create/join flows correctly
[1A[2K[chromium] › tests/e2e/landing-page.spec.js:215:3 › Landing Page - Comprehensive Testing › CTAs route to create/join flows correctly
✅ Create League CTA Routing - PASSED Routes to /login

[1A[2K✅ Join Invite CTA Routing - PASSED Routes to /login

[1A[2K✅ Sticky CTA (Mobile) - PASSED Mobile sticky CTA routes correctly

[1A[2K[74/146] [chromium] › tests/e2e/landing-page.spec.js:275:3 › Landing Page - Comprehensive Testing › Responsive design and mobile layout
[1A[2K[chromium] › tests/e2e/landing-page.spec.js:275:3 › Landing Page - Comprehensive Testing › Responsive design and mobile layout
✅ Responsive Design - PASSED 3/3 viewports working

[1A[2K
============================================================

[1A[2K📊 Landing Page Test Summary:

[1A[2K⏱️ Duration: 92.79s

[1A[2K✅ Passed: 12

[1A[2K❌ Failed: 1

[1A[2K
🎉 Successful Tests:

[1A[2K  - Page Title

[1A[2K  - All Main Sections

[1A[2K  - Hero Section

[1A[2K  - Hero CTA Buttons

[1A[2K  - Footer

[1A[2K  - Sticky Navigation Visibility

[1A[2K  - Anchor Scrolling

[1A[2K  - Browser Hash Updates

[1A[2K  - Create League CTA Routing

[1A[2K  - Join Invite CTA Routing

[1A[2K  - Sticky CTA (Mobile)

[1A[2K  - Responsive Design

[1A[2K
💥 Failed Tests:

[1A[2K  - Scroll-spy Active Highlighting: Active section indicators detected

[1A[2K============================================================

[1A[2K[75/146] [chromium] › tests/e2e/league-settings-regression.spec.js:18:5 › League Settings Regression Tests › Min=2 Gate: Start Auction Button Logic › Start Auction disabled at 1 member, enabled at 2+ members
[1A[2K  27) [chromium] › tests/e2e/league-settings-regression.spec.js:18:5 › League Settings Regression Tests › Min=2 Gate: Start Auction Button Logic › Start Auction disabled at 1 member, enabled at 2+ members 

    TimeoutError: page.waitForSelector: Timeout 10000ms exceeded.
    Call log:
    [2m  - waiting for locator('button:has-text("🚀 Login Now")') to be visible[22m


      25 |       
      26 |       // Wait for magic link response and click login
    > 27 |       await page.waitForSelector('button:has-text("🚀 Login Now")', { timeout: 10000 });
         |                  ^
      28 |       await page.click('button:has-text("🚀 Login Now")');
      29 |       
      30 |       // Wait for dashboard
        at /app/tests/e2e/league-settings-regression.spec.js:27:18

    attachment #1: screenshot (image/png) ──────────────────────────────────────────────────────────
    test-results/league-settings-regression-56043-member-enabled-at-2-members-chromium/test-failed-1.png
    ────────────────────────────────────────────────────────────────────────────────────────────────

    Error Context: test-results/league-settings-regression-56043-member-enabled-at-2-members-chromium/error-context.md

    attachment #3: trace (application/zip) ─────────────────────────────────────────────────────────
    test-results/league-settings-regression-56043-member-enabled-at-2-members-chromium/trace.zip
    Usage:

        npx playwright show-trace test-results/league-settings-regression-56043-member-enabled-at-2-members-chromium/trace.zip

    ────────────────────────────────────────────────────────────────────────────────────────────────


[1A[2K[76/146] [chromium] › tests/e2e/league-settings-regression.spec.js:86:5 › League Settings Regression Tests › Min=2 Gate: Start Auction Button Logic › Verify league status calculations with different member counts
[1A[2K[chromium] › tests/e2e/league-settings-regression.spec.js:86:5 › League Settings Regression Tests › Min=2 Gate: Start Auction Button Logic › Verify league status calculations with different member counts
✅ Competition Profile Test: UCL profile has correct min=2, slots=5 defaults

[1A[2K[77/146] [chromium] › tests/e2e/league-settings-regression.spec.js:106:5 › League Settings Regression Tests › Slots=5 Display: UI Consistency Tests › Lobby shows 5 slots, Auction shows 5 slots, Roster tracks correctly
[1A[2K  28) [chromium] › tests/e2e/league-settings-regression.spec.js:106:5 › League Settings Regression Tests › Slots=5 Display: UI Consistency Tests › Lobby shows 5 slots, Auction shows 5 slots, Roster tracks correctly 

    TimeoutError: page.waitForSelector: Timeout 10000ms exceeded.
    Call log:
    [2m  - waiting for locator('button:has-text("🚀 Login Now")') to be visible[22m


      110 |       await page.click('button:has-text("Send Magic Link")');
      111 |       
    > 112 |       await page.waitForSelector('button:has-text("🚀 Login Now")', { timeout: 10000 });
          |                  ^
      113 |       await page.click('button:has-text("🚀 Login Now")');
      114 |       
      115 |       await page.waitForSelector('h2:has-text("My Leagues")', { timeout: 15000 });
        at /app/tests/e2e/league-settings-regression.spec.js:112:18

    attachment #1: screenshot (image/png) ──────────────────────────────────────────────────────────
    test-results/league-settings-regression-51872-ots-Roster-tracks-correctly-chromium/test-failed-1.png
    ────────────────────────────────────────────────────────────────────────────────────────────────

    Error Context: test-results/league-settings-regression-51872-ots-Roster-tracks-correctly-chromium/error-context.md

    attachment #3: trace (application/zip) ─────────────────────────────────────────────────────────
    test-results/league-settings-regression-51872-ots-Roster-tracks-correctly-chromium/trace.zip
    Usage:

        npx playwright show-trace test-results/league-settings-regression-51872-ots-Roster-tracks-correctly-chromium/trace.zip

    ────────────────────────────────────────────────────────────────────────────────────────────────


[1A[2K[78/146] [chromium] › tests/e2e/league-settings-regression.spec.js:161:5 › League Settings Regression Tests › Slots=5 Display: UI Consistency Tests › Roster summary API returns correct slot calculations
[1A[2K[chromium] › tests/e2e/league-settings-regression.spec.js:161:5 › League Settings Regression Tests › Slots=5 Display: UI Consistency Tests › Roster summary API returns correct slot calculations
✅ API Contract Test: Competition profiles correctly define 5 club slots

[1A[2K✅ Calculation Logic Test: remaining = max(0, 5 - 2) = 3

[1A[2K[79/146] [chromium] › tests/e2e/league-settings-regression.spec.js:188:5 › League Settings Regression Tests › Settings Persistence and Consistency › Server responses include correct settings everywhere
[1A[2K[chromium] › tests/e2e/league-settings-regression.spec.js:188:5 › League Settings Regression Tests › Settings Persistence and Consistency › Server responses include correct settings everywhere
✅ API Consistency Test: All endpoints return expected data structures

[1A[2K[80/146] [chromium] › tests/e2e/league-settings-regression.spec.js:224:5 › League Settings Regression Tests › Settings Persistence and Consistency › Settings validation prevents invalid configurations
[1A[2K[chromium] › tests/e2e/league-settings-regression.spec.js:224:5 › League Settings Regression Tests › Settings Persistence and Consistency › Settings validation prevents invalid configurations
✅ Settings Validation Test: All competition profiles have valid configurations

[1A[2K[81/146] [chromium] › tests/e2e/league-settings-regression.spec.js:258:5 › League Settings Regression Tests › Edge Cases and Boundary Conditions › Remaining slots calculation handles edge cases
[1A[2K[chromium] › tests/e2e/league-settings-regression.spec.js:258:5 › League Settings Regression Tests › Edge Cases and Boundary Conditions › Remaining slots calculation handles edge cases
✅ Edge Cases Test: remaining = max(0, clubSlots - ownedCount) never goes negative

[1A[2K[82/146] [chromium] › tests/e2e/league-settings-regression.spec.js:278:5 › League Settings Regression Tests › Edge Cases and Boundary Conditions › League member count boundaries
[1A[2K[chromium] › tests/e2e/league-settings-regression.spec.js:278:5 › League Settings Regression Tests › Edge Cases and Boundary Conditions › League member count boundaries
✅ Boundary Conditions Test: Member count validation works correctly

[1A[2K[83/146] [chromium] › tests/e2e/menu-collapse.spec.ts:13:7 › Menu Collapse on Navigation › should close dropdown on route change and not interfere with form
[1A[2K[chromium] › tests/e2e/menu-collapse.spec.ts:13:7 › Menu Collapse on Navigation › should close dropdown on route change and not interfere with form
🧪 Testing menu collapse behavior...

[1A[2K🔐 Logging in user: commish@example.com (mode: test)

[1A[2K🧪 Test-only login for user: commish@example.com

[1A[2K✅ Test-only login successful: commish@example.com

[1A[2K✅ Dashboard loaded

[1A[2K🔍 Opening product dropdown...

[1A[2K⚠️  Product dropdown not found - skipping dropdown test

[1A[2K🔄 Navigating to Create League (route change)...

[1A[2K🎯 Using ensureClickable for Create League button...

[1A[2K🎯 Checking clickability at coordinates (1167.5, 392.0)

[1A[2K🔍 Target: BUTTON[data-testid="create-league-btn"]

[1A[2K🔍 Topmost: BUTTON[data-testid="create-league-btn"]

[1A[2K✅ Element is clickable

[1A[2K✅ Element clicked successfully

[1A[2K✅ Create League dialog opened

[1A[2K🔍 Verifying dropdown is closed after navigation...

[1A[2K✅ Dropdown properly closed on navigation

[1A[2K🔍 Testing form interaction without overlay interference...

[1A[2K  Testing create-name field...

[1A[2K🎯 Checking clickability at coordinates (640.0, 179.0)

[1A[2K🔍 Target: INPUT#name[data-testid="create-name"]

[1A[2K🔍 Topmost: INPUT#name[data-testid="create-name"]

[1A[2K✅ Element is clickable

[1A[2K  ✅ create-name field interactive without interference

[1A[2K  Testing create-budget field...

[1A[2K🎯 Checking clickability at coordinates (480.5, 536.0)

[1A[2K🔍 Target: INPUT#budget[data-testid="create-budget"]

[1A[2K🔍 Topmost: INPUT#budget[data-testid="create-budget"]

[1A[2K✅ Element is clickable

[1A[2K  ✅ create-budget field interactive without interference

[1A[2K  Testing create-slots field...

[1A[2K🎯 Checking clickability at coordinates (799.5, 536.0)

[1A[2K🔍 Target: INPUT#slots[data-testid="create-slots"]

[1A[2K🔍 Topmost: INPUT#slots[data-testid="create-slots"]

[1A[2K✅ Element is clickable

[1A[2K  ✅ create-slots field interactive without interference

[1A[2K  Testing create-min field...

[1A[2K🎯 Checking clickability at coordinates (480.5, 408.0)

[1A[2K🔍 Target: INPUT#minManagers[data-testid="create-min"]

[1A[2K🔍 Topmost: INPUT#minManagers[data-testid="create-min"]

[1A[2K✅ Element is clickable

[1A[2K  ✅ create-min field interactive without interference

[1A[2K🔍 Testing submit button without overlay interference...

[1A[2K✅ Submit button clicked without interference

[1A[2K🎉 Menu collapse and form interaction test passed!

[1A[2K[84/146] [chromium] › tests/e2e/menu-collapse.spec.ts:108:7 › Menu Collapse on Navigation › should close mobile drawer on route change
[1A[2K[chromium] › tests/e2e/menu-collapse.spec.ts:108:7 › Menu Collapse on Navigation › should close mobile drawer on route change
🧪 Testing mobile drawer collapse...

[1A[2K🔐 Logging in user: commish@example.com (mode: test)

[1A[2K🧪 Test-only login for user: commish@example.com

[1A[2K✅ Test-only login successful: commish@example.com

[1A[2K🔍 Opening mobile drawer...

[1A[2K⚠️  Mobile menu button not found - skipping mobile test

[1A[2K[85/146] [chromium] › tests/e2e/menu-collapse.spec.ts:165:7 › Menu Collapse on Navigation › should not render empty menus
[1A[2K[chromium] › tests/e2e/menu-collapse.spec.ts:165:7 › Menu Collapse on Navigation › should not render empty menus
🧪 Testing empty menu prevention...

[1A[2K🔍 Checking that empty menus are not rendered...

[1A[2K✅ Product dropdown not rendered when no items available

[1A[2K[86/146] [chromium] › tests/e2e/menu-collapse.spec.ts:206:7 › Menu Collapse on Navigation › should have proper testids for all menu components
[1A[2K[chromium] › tests/e2e/menu-collapse.spec.ts:206:7 › Menu Collapse on Navigation › should have proper testids for all menu components
🧪 Testing menu component testids...

[1A[2K🔐 Logging in user: commish@example.com (mode: test)

[1A[2K🧪 Test-only login for user: commish@example.com

[1A[2K✅ Test-only login successful: commish@example.com

[1A[2K🎉 All menu testids verified!

[1A[2K[87/146] [chromium] › tests/e2e/navigation.spec.js:52:3 › Navigation Components - Comprehensive Testing › GlobalNavbar dropdown keyboard navigation works
[1A[2K[chromium] › tests/e2e/navigation.spec.js:52:3 › Navigation Components - Comprehensive Testing › GlobalNavbar dropdown keyboard navigation works
❌ Product Dropdown Visibility - FAILED Product dropdown button not found

[1A[2K[88/146] [chromium] › tests/e2e/navigation.spec.js:134:3 › Navigation Components - Comprehensive Testing › Mobile drawer behaves correctly
[1A[2K[chromium] › tests/e2e/navigation.spec.js:134:3 › Navigation Components - Comprehensive Testing › Mobile drawer behaves correctly
✅ Mobile Menu Button Visibility - PASSED Hamburger menu button visible on mobile

[1A[2K❌ Mobile Drawer Opens - FAILED Mobile navigation drawer becomes visible

[1A[2K✅ Desktop Navigation Restoration - PASSED Desktop nav visible after viewport change

[1A[2K[89/146] [chromium] › tests/e2e/navigation.spec.js:213:3 › Navigation Components - Comprehensive Testing › Focus trap and keyboard accessibility
[1A[2K[chromium] › tests/e2e/navigation.spec.js:213:3 › Navigation Components - Comprehensive Testing › Focus trap and keyboard accessibility
❌ Focus Trap and Keyboard Accessibility - FAILED locator.click: Timeout 10000ms exceeded.
Call log:
[2m  - waiting for locator('a[href="#main-content"], .skip-link').first()[22m
[2m    - locator resolved to <a href="#main-content" class="sr-only focus:not-sr-only focus:absolute focus:top-4 focus:left-4 bg-blue-600 text-white px-4 py-2 rounded-md z-50">Skip to main content</a>[22m
[2m  - attempting click action[22m
[2m    2 × waiting for element to be visible, enabled and stable[22m
[2m      - element is visible, enabled and stable[22m
[2m      - scrolling into view if needed[22m
[2m      - done scrolling[22m
[2m      - <div class="App">…</div> intercepts pointer events[22m
[2m    - retrying click action[22m
[2m    - waiting 20ms[22m
[2m    2 × waiting for element to be visible, enabled and stable[22m
[2m      - element is visible, enabled and stable[22m
[2m      - scrolling into view if needed[22m
[2m      - done scrolling[22m
[2m      - <div class="App">…</div> intercepts pointer events[22m
[2m    - retrying click action[22m
[2m      - waiting 100ms[22m
[2m    19 × waiting for element to be visible, enabled and stable[22m
[2m       - element is visible, enabled and stable[22m
[2m       - scrolling into view if needed[22m
[2m       - done scrolling[22m
[2m       - <div class="App">…</div> intercepts pointer events[22m
[2m     - retrying click action[22m
[2m       - waiting 500ms[22m


[1A[2K[90/146] [chromium] › tests/e2e/navigation.spec.js:290:3 › Navigation Components - Comprehensive Testing › ARIA attributes and semantic markup
[1A[2K[chromium] › tests/e2e/navigation.spec.js:290:3 › Navigation Components - Comprehensive Testing › ARIA attributes and semantic markup
✅ ARIA Labels Present - PASSED 9 elements with aria-label

[1A[2K✅ Role Attributes Present - PASSED 28 elements with role attribute

[1A[2K✅ Navigation Landmarks - PASSED 2 navigation landmarks

[1A[2K✅ Heading Structure - PASSED H1: 1, H2: 6

[1A[2K✅ Image Alt Text - PASSED 1/1 images with alt text (100.0%)

[1A[2K✅ Button Labels - PASSED 24/24 buttons properly labeled (100.0%)

[1A[2K[91/146] [chromium] › tests/e2e/navigation.spec.js:326:3 › Navigation Components - Comprehensive Testing › Theme toggle functionality across contexts
[1A[2K[chromium] › tests/e2e/navigation.spec.js:326:3 › Navigation Components - Comprehensive Testing › Theme toggle functionality across contexts
❌ Mobile Theme Toggle - FAILED Mobile theme toggle not found

[1A[2K
============================================================

[1A[2K📊 Navigation Component Test Summary:

[1A[2K⏱️ Duration: 46.50s

[1A[2K✅ Passed: 8

[1A[2K❌ Failed: 4

[1A[2K
🎉 Successful Tests:

[1A[2K  - Mobile Menu Button Visibility

[1A[2K  - Desktop Navigation Restoration

[1A[2K  - ARIA Labels Present

[1A[2K  - Role Attributes Present

[1A[2K  - Navigation Landmarks

[1A[2K  - Heading Structure

[1A[2K  - Image Alt Text

[1A[2K  - Button Labels

[1A[2K
💥 Failed Tests:

[1A[2K  - Product Dropdown Visibility: Product dropdown button not found

[1A[2K  - Mobile Drawer Opens: Mobile navigation drawer becomes visible

[1A[2K  - Focus Trap and Keyboard Accessibility: locator.click: Timeout 10000ms exceeded.
Call log:
[2m  - waiting for locator('a[href="#main-content"], .skip-link').first()[22m
[2m    - locator resolved to <a href="#main-content" class="sr-only focus:not-sr-only focus:absolute focus:top-4 focus:left-4 bg-blue-600 text-white px-4 py-2 rounded-md z-50">Skip to main content</a>[22m
[2m  - attempting click action[22m
[2m    2 × waiting for element to be visible, enabled and stable[22m
[2m      - element is visible, enabled and stable[22m
[2m      - scrolling into view if needed[22m
[2m      - done scrolling[22m
[2m      - <div class="App">…</div> intercepts pointer events[22m
[2m    - retrying click action[22m
[2m    - waiting 20ms[22m
[2m    2 × waiting for element to be visible, enabled and stable[22m
[2m      - element is visible, enabled and stable[22m
[2m      - scrolling into view if needed[22m
[2m      - done scrolling[22m
[2m      - <div class="App">…</div> intercepts pointer events[22m
[2m    - retrying click action[22m
[2m      - waiting 100ms[22m
[2m    19 × waiting for element to be visible, enabled and stable[22m
[2m       - element is visible, enabled and stable[22m
[2m       - scrolling into view if needed[22m
[2m       - done scrolling[22m
[2m       - <div class="App">…</div> intercepts pointer events[22m
[2m     - retrying click action[22m
[2m       - waiting 500ms[22m


[1A[2K  - Mobile Theme Toggle: Mobile theme toggle not found

[1A[2K============================================================

[1A[2K[92/146] [chromium] › tests/e2e/navigation.spec.ts:22:9 › Navigation Tests › Desktop Navigation › Landing page anchor navigation works correctly
[1A[2K  29) [chromium] › tests/e2e/navigation.spec.ts:22:9 › Navigation Tests › Desktop Navigation › Landing page anchor navigation works correctly 

    Error: [2mexpect([22m[31mpage[39m[2m).[22mtoHaveURL[2m([22m[32mexpected[39m[2m)[22m failed

    Expected string: [32m"https://pifa-league.preview.emergentagent.com/[7m#how[27m"[39m
    Received string: [31m"https://pifa-league.preview.emergentagent.com/"[39m
    Timeout: 10000ms

    Call log:
    [2m  - Expect "toHaveURL" with timeout 10000ms[22m
    [2m    13 × unexpected value "https://pifa-league.preview.emergentagent.com/"[22m


      25 |       
      26 |       // Verify the URL hash changes
    > 27 |       await expect(page).toHaveURL('/#how');
         |                          ^
      28 |       
      29 |       // Verify the section is visible
      30 |       const howSection = page.locator('#how');
        at /app/tests/e2e/navigation.spec.ts:27:26

    attachment #1: screenshot (image/png) ──────────────────────────────────────────────────────────
    test-results/navigation-Navigation-Test-0dca0--navigation-works-correctly-chromium/test-failed-1.png
    ────────────────────────────────────────────────────────────────────────────────────────────────

    attachment #2: video (video/webm) ──────────────────────────────────────────────────────────────
    test-results/navigation-Navigation-Test-0dca0--navigation-works-correctly-chromium/video.webm
    ────────────────────────────────────────────────────────────────────────────────────────────────

    Error Context: test-results/navigation-Navigation-Test-0dca0--navigation-works-correctly-chromium/error-context.md

    attachment #4: trace (application/zip) ─────────────────────────────────────────────────────────
    test-results/navigation-Navigation-Test-0dca0--navigation-works-correctly-chromium/trace.zip
    Usage:

        npx playwright show-trace test-results/navigation-Navigation-Test-0dca0--navigation-works-correctly-chromium/trace.zip

    ────────────────────────────────────────────────────────────────────────────────────────────────


[1A[2K[93/146] [chromium] › tests/e2e/navigation.spec.ts:48:9 › Navigation Tests › Desktop Navigation › Product dropdown shows only enabled items and navigates correctly
[1A[2K[94/146] [chromium] › tests/e2e/navigation.spec.ts:79:9 › Navigation Tests › Mobile Navigation › Mobile hamburger menu works correctly
[1A[2K  30) [chromium] › tests/e2e/navigation.spec.ts:79:9 › Navigation Tests › Mobile Navigation › Mobile hamburger menu works correctly 

    TimeoutError: locator.waitFor: Timeout 10000ms exceeded.
    Call log:
    [2m  - waiting for locator('[data-testid="nav-mobile-drawer"]') to be visible[22m
    [2m    24 × locator resolved to hidden <div role="navigation" id="mobile-navigation" data-testid="nav-mobile-drawer" aria-label="Mobile navigation menu" class="bg-theme-surface w-full max-w-sm h-full shadow-lg overflow-y-auto">…</div>[22m


      82 |       
      83 |       // Verify mobile drawer is visible
    > 84 |       await page.locator(`[data-testid="${TESTIDS.navMobileDrawer}"]`).waitFor({ state: 'visible' });
         |                                                                        ^
      85 |       
      86 |       // Test navigation items are listed
      87 |       const navigationItems = page.locator(`[data-testid="${TESTIDS.navMobileDrawer}"] button`);
        at /app/tests/e2e/navigation.spec.ts:84:72

    attachment #1: screenshot (image/png) ──────────────────────────────────────────────────────────
    test-results/navigation-Navigation-Test-c1bbd-burger-menu-works-correctly-chromium/test-failed-1.png
    ────────────────────────────────────────────────────────────────────────────────────────────────

    attachment #2: video (video/webm) ──────────────────────────────────────────────────────────────
    test-results/navigation-Navigation-Test-c1bbd-burger-menu-works-correctly-chromium/video.webm
    ────────────────────────────────────────────────────────────────────────────────────────────────

    Error Context: test-results/navigation-Navigation-Test-c1bbd-burger-menu-works-correctly-chromium/error-context.md

    attachment #4: trace (application/zip) ─────────────────────────────────────────────────────────
    test-results/navigation-Navigation-Test-c1bbd-burger-menu-works-correctly-chromium/trace.zip
    Usage:

        npx playwright show-trace test-results/navigation-Navigation-Test-c1bbd-burger-menu-works-correctly-chromium/trace.zip

    ────────────────────────────────────────────────────────────────────────────────────────────────


[1A[2K[95/146] [chromium] › tests/e2e/navigation.spec.ts:95:9 › Navigation Tests › Mobile Navigation › Mobile navigation shows only enabled items and navigates correctly
[1A[2K  31) [chromium] › tests/e2e/navigation.spec.ts:95:9 › Navigation Tests › Mobile Navigation › Mobile navigation shows only enabled items and navigates correctly 

    TimeoutError: locator.waitFor: Timeout 10000ms exceeded.
    Call log:
    [2m  - waiting for locator('[data-testid="nav-mobile-drawer"]') to be visible[22m
    [2m    24 × locator resolved to hidden <div role="navigation" id="mobile-navigation" data-testid="nav-mobile-drawer" aria-label="Mobile navigation menu" class="bg-theme-surface w-full max-w-sm h-full shadow-lg overflow-y-auto">…</div>[22m


       96 |       // Open hamburger menu
       97 |       await page.locator(`[data-testid="${TESTIDS.navHamburger}"]`).click();
    >  98 |       await page.locator(`[data-testid="${TESTIDS.navMobileDrawer}"]`).waitFor({ state: 'visible' });
          |                                                                        ^
       99 |       
      100 |       // Check if navigation items are present using testids
      101 |       const mobileItems = page.locator(`[data-testid="${TESTIDS.navMobileDrawer}"] [role="menuitem"]`);
        at /app/tests/e2e/navigation.spec.ts:98:72

    attachment #1: screenshot (image/png) ──────────────────────────────────────────────────────────
    test-results/navigation-Navigation-Test-9949e-ems-and-navigates-correctly-chromium/test-failed-1.png
    ────────────────────────────────────────────────────────────────────────────────────────────────

    attachment #2: video (video/webm) ──────────────────────────────────────────────────────────────
    test-results/navigation-Navigation-Test-9949e-ems-and-navigates-correctly-chromium/video.webm
    ────────────────────────────────────────────────────────────────────────────────────────────────

    Error Context: test-results/navigation-Navigation-Test-9949e-ems-and-navigates-correctly-chromium/error-context.md

    attachment #4: trace (application/zip) ─────────────────────────────────────────────────────────
    test-results/navigation-Navigation-Test-9949e-ems-and-navigates-correctly-chromium/trace.zip
    Usage:

        npx playwright show-trace test-results/navigation-Navigation-Test-9949e-ems-and-navigates-correctly-chromium/trace.zip

    ────────────────────────────────────────────────────────────────────────────────────────────────


[1A[2K[96/146] [chromium] › tests/e2e/navigation.spec.ts:121:9 › Navigation Tests › No Dead Ends & 404 Recovery › All navigation links have valid destinations and no href="#"
[1A[2K[97/146] [chromium] › tests/e2e/navigation.spec.ts:142:9 › Navigation Tests › No Dead Ends & 404 Recovery › 404 page shows and allows navigation back
[1A[2K[98/146] [chromium] › tests/e2e/navigation.spec.ts:157:9 › Navigation Tests › Go to... Menu on /app › Go to dropdown shows appropriate options
[1A[2K[99/146] [chromium] › tests/e2e/navigation.spec.ts:170:9 › Navigation Tests › Keyboard Navigation › Keyboard navigation works with proper ARIA and focus management
[1A[2K  32) [chromium] › tests/e2e/navigation.spec.ts:170:9 › Navigation Tests › Keyboard Navigation › Keyboard navigation works with proper ARIA and focus management 

    Error: [2mexpect([22m[31mlocator[39m[2m).[22mtoBeVisible[2m()[22m failed

    Locator:  locator('[data-testid="nav-mobile-drawer"]')
    Expected: visible
    Received: hidden
    Timeout:  10000ms

    Call log:
    [2m  - Expect "toBeVisible" with timeout 10000ms[22m
    [2m  - waiting for locator('[data-testid="nav-mobile-drawer"]')[22m
    [2m    13 × locator resolved to <div role="navigation" id="mobile-navigation" data-testid="nav-mobile-drawer" aria-label="Mobile navigation menu" class="bg-theme-surface w-full max-w-sm h-full shadow-lg overflow-y-auto">…</div>[22m
    [2m       - unexpected value "hidden"[22m


      205 |       
      206 |       const mobileDrawer = page.locator(`[data-testid="${TESTIDS.navMobileDrawer}"]`);
    > 207 |       await expect(mobileDrawer).toBeVisible();
          |                                  ^
      208 |       
      209 |       // Test Escape closes mobile drawer
      210 |       await page.keyboard.press('Escape');
        at /app/tests/e2e/navigation.spec.ts:207:34

    Error: apiRequestContext._wrapApiCall: ENOENT: no such file or directory, open '/app/test-results/.playwright-artifacts-31/traces/5d2868f7d23420c27cca-d1a86528db557087091d-recording3.trace'

    Error: ENOENT: no such file or directory, open '/app/test-results/.playwright-artifacts-31/c11c872703e4871068cfd9fa354df0ee.zip'

    [31mTest timeout of 60000ms exceeded.[39m

    attachment #1: screenshot (image/png) ──────────────────────────────────────────────────────────
    test-results/navigation-Navigation-Test-c5800-r-ARIA-and-focus-management-chromium/test-failed-1.png
    ────────────────────────────────────────────────────────────────────────────────────────────────

    Error Context: test-results/navigation-Navigation-Test-c5800-r-ARIA-and-focus-management-chromium/error-context.md


[1A[2K[100/146] [chromium] › tests/e2e/reconnect-presence-e2e.spec.js:66:7 › Robust Reconnect & Presence System › should show connection status indicator in auction room
[1A[2K  33) [chromium] › tests/e2e/reconnect-presence-e2e.spec.js:66:7 › Robust Reconnect & Presence System › should show connection status indicator in auction room 

    TypeError: _apiClient.APIClient is not a constructor

      56 |
      57 |   test.beforeEach(async ({ page }) => {
    > 58 |     apiClient = new APIClient();
         |                 ^
      59 |     helpers = new TestHelpers(page);
      60 |     reconnectHelpers = new ReconnectTestHelpers(page);
      61 |     
        at /app/tests/e2e/reconnect-presence-e2e.spec.js:58:17

    attachment #1: screenshot (image/png) ──────────────────────────────────────────────────────────
    test-results/reconnect-presence-e2e-Rob-3b42c-s-indicator-in-auction-room-chromium/test-failed-1.png
    ────────────────────────────────────────────────────────────────────────────────────────────────

    attachment #2: video (video/webm) ──────────────────────────────────────────────────────────────
    test-results/reconnect-presence-e2e-Rob-3b42c-s-indicator-in-auction-room-chromium/video.webm
    ────────────────────────────────────────────────────────────────────────────────────────────────

    attachment #3: trace (application/zip) ─────────────────────────────────────────────────────────
    test-results/reconnect-presence-e2e-Rob-3b42c-s-indicator-in-auction-room-chromium/trace.zip
    Usage:

        npx playwright show-trace test-results/reconnect-presence-e2e-Rob-3b42c-s-indicator-in-auction-room-chromium/trace.zip

    ────────────────────────────────────────────────────────────────────────────────────────────────


[1A[2K[101/146] [chromium] › tests/e2e/reconnect-presence-e2e.spec.js:84:7 › Robust Reconnect & Presence System › should automatically reconnect after network interruption
[1A[2K  34) [chromium] › tests/e2e/reconnect-presence-e2e.spec.js:84:7 › Robust Reconnect & Presence System › should automatically reconnect after network interruption 

    TypeError: _apiClient.APIClient is not a constructor

      56 |
      57 |   test.beforeEach(async ({ page }) => {
    > 58 |     apiClient = new APIClient();
         |                 ^
      59 |     helpers = new TestHelpers(page);
      60 |     reconnectHelpers = new ReconnectTestHelpers(page);
      61 |     
        at /app/tests/e2e/reconnect-presence-e2e.spec.js:58:17

    attachment #1: screenshot (image/png) ──────────────────────────────────────────────────────────
    test-results/reconnect-presence-e2e-Rob-4e5f5--after-network-interruption-chromium/test-failed-1.png
    ────────────────────────────────────────────────────────────────────────────────────────────────

    attachment #2: video (video/webm) ──────────────────────────────────────────────────────────────
    test-results/reconnect-presence-e2e-Rob-4e5f5--after-network-interruption-chromium/video.webm
    ────────────────────────────────────────────────────────────────────────────────────────────────

    attachment #3: trace (application/zip) ─────────────────────────────────────────────────────────
    test-results/reconnect-presence-e2e-Rob-4e5f5--after-network-interruption-chromium/trace.zip
    Usage:

        npx playwright show-trace test-results/reconnect-presence-e2e-Rob-4e5f5--after-network-interruption-chromium/trace.zip

    ────────────────────────────────────────────────────────────────────────────────────────────────


[1A[2K[102/146] [chromium] › tests/e2e/reconnect-presence-e2e.spec.js:113:7 › Robust Reconnect & Presence System › should show exponential backoff during reconnection attempts
[1A[2K  35) [chromium] › tests/e2e/reconnect-presence-e2e.spec.js:113:7 › Robust Reconnect & Presence System › should show exponential backoff during reconnection attempts 

    TypeError: _apiClient.APIClient is not a constructor

      56 |
      57 |   test.beforeEach(async ({ page }) => {
    > 58 |     apiClient = new APIClient();
         |                 ^
      59 |     helpers = new TestHelpers(page);
      60 |     reconnectHelpers = new ReconnectTestHelpers(page);
      61 |     
        at /app/tests/e2e/reconnect-presence-e2e.spec.js:58:17

    attachment #1: screenshot (image/png) ──────────────────────────────────────────────────────────
    test-results/reconnect-presence-e2e-Rob-779e9-uring-reconnection-attempts-chromium/test-failed-1.png
    ────────────────────────────────────────────────────────────────────────────────────────────────

    attachment #2: video (video/webm) ──────────────────────────────────────────────────────────────
    test-results/reconnect-presence-e2e-Rob-779e9-uring-reconnection-attempts-chromium/video.webm
    ────────────────────────────────────────────────────────────────────────────────────────────────

    attachment #3: trace (application/zip) ─────────────────────────────────────────────────────────
    test-results/reconnect-presence-e2e-Rob-779e9-uring-reconnection-attempts-chromium/trace.zip
    Usage:

        npx playwright show-trace test-results/reconnect-presence-e2e-Rob-779e9-uring-reconnection-attempts-chromium/trace.zip

    ────────────────────────────────────────────────────────────────────────────────────────────────


[1A[2K[103/146] [chromium] › tests/e2e/reconnect-presence-e2e.spec.js:142:7 › Robust Reconnect & Presence System › should restore auction state from server snapshot on reconnect
[1A[2K  36) [chromium] › tests/e2e/reconnect-presence-e2e.spec.js:142:7 › Robust Reconnect & Presence System › should restore auction state from server snapshot on reconnect 

    TypeError: _apiClient.APIClient is not a constructor

      56 |
      57 |   test.beforeEach(async ({ page }) => {
    > 58 |     apiClient = new APIClient();
         |                 ^
      59 |     helpers = new TestHelpers(page);
      60 |     reconnectHelpers = new ReconnectTestHelpers(page);
      61 |     
        at /app/tests/e2e/reconnect-presence-e2e.spec.js:58:17

    attachment #1: screenshot (image/png) ──────────────────────────────────────────────────────────
    test-results/reconnect-presence-e2e-Rob-9d14b-erver-snapshot-on-reconnect-chromium/test-failed-1.png
    ────────────────────────────────────────────────────────────────────────────────────────────────

    attachment #2: video (video/webm) ──────────────────────────────────────────────────────────────
    test-results/reconnect-presence-e2e-Rob-9d14b-erver-snapshot-on-reconnect-chromium/video.webm
    ────────────────────────────────────────────────────────────────────────────────────────────────

    attachment #3: trace (application/zip) ─────────────────────────────────────────────────────────
    test-results/reconnect-presence-e2e-Rob-9d14b-erver-snapshot-on-reconnect-chromium/trace.zip
    Usage:

        npx playwright show-trace test-results/reconnect-presence-e2e-Rob-9d14b-erver-snapshot-on-reconnect-chromium/trace.zip

    ────────────────────────────────────────────────────────────────────────────────────────────────


[1A[2K[104/146] [chromium] › tests/e2e/reconnect-presence-e2e.spec.js:174:7 › Robust Reconnect & Presence System › should track user presence accurately
[1A[2K  37) [chromium] › tests/e2e/reconnect-presence-e2e.spec.js:174:7 › Robust Reconnect & Presence System › should track user presence accurately 

    TypeError: _apiClient.APIClient is not a constructor

      56 |
      57 |   test.beforeEach(async ({ page }) => {
    > 58 |     apiClient = new APIClient();
         |                 ^
      59 |     helpers = new TestHelpers(page);
      60 |     reconnectHelpers = new ReconnectTestHelpers(page);
      61 |     
        at /app/tests/e2e/reconnect-presence-e2e.spec.js:58:17

    attachment #1: screenshot (image/png) ──────────────────────────────────────────────────────────
    test-results/reconnect-presence-e2e-Rob-cf9e4-ck-user-presence-accurately-chromium/test-failed-1.png
    ────────────────────────────────────────────────────────────────────────────────────────────────

    attachment #2: video (video/webm) ──────────────────────────────────────────────────────────────
    test-results/reconnect-presence-e2e-Rob-cf9e4-ck-user-presence-accurately-chromium/video.webm
    ────────────────────────────────────────────────────────────────────────────────────────────────

    attachment #3: trace (application/zip) ─────────────────────────────────────────────────────────
    test-results/reconnect-presence-e2e-Rob-cf9e4-ck-user-presence-accurately-chromium/trace.zip
    Usage:

        npx playwright show-trace test-results/reconnect-presence-e2e-Rob-cf9e4-ck-user-presence-accurately-chromium/trace.zip

    ────────────────────────────────────────────────────────────────────────────────────────────────


[1A[2K[105/146] [chromium] › tests/e2e/reconnect-presence-e2e.spec.js:211:7 › Robust Reconnect & Presence System › should handle reconnection during active bidding
[1A[2K  38) [chromium] › tests/e2e/reconnect-presence-e2e.spec.js:211:7 › Robust Reconnect & Presence System › should handle reconnection during active bidding 

    TypeError: _apiClient.APIClient is not a constructor

      56 |
      57 |   test.beforeEach(async ({ page }) => {
    > 58 |     apiClient = new APIClient();
         |                 ^
      59 |     helpers = new TestHelpers(page);
      60 |     reconnectHelpers = new ReconnectTestHelpers(page);
      61 |     
        at /app/tests/e2e/reconnect-presence-e2e.spec.js:58:17

    attachment #1: screenshot (image/png) ──────────────────────────────────────────────────────────
    test-results/reconnect-presence-e2e-Rob-de39e-ction-during-active-bidding-chromium/test-failed-1.png
    ────────────────────────────────────────────────────────────────────────────────────────────────

    attachment #2: video (video/webm) ──────────────────────────────────────────────────────────────
    test-results/reconnect-presence-e2e-Rob-de39e-ction-during-active-bidding-chromium/video.webm
    ────────────────────────────────────────────────────────────────────────────────────────────────

    attachment #3: trace (application/zip) ─────────────────────────────────────────────────────────
    test-results/reconnect-presence-e2e-Rob-de39e-ction-during-active-bidding-chromium/trace.zip
    Usage:

        npx playwright show-trace test-results/reconnect-presence-e2e-Rob-de39e-ction-during-active-bidding-chromium/trace.zip

    ────────────────────────────────────────────────────────────────────────────────────────────────


[1A[2K[106/146] [chromium] › tests/e2e/reconnect-presence-e2e.spec.js:249:7 › Robust Reconnect & Presence System › should handle heartbeat timeouts gracefully
[1A[2K  39) [chromium] › tests/e2e/reconnect-presence-e2e.spec.js:249:7 › Robust Reconnect & Presence System › should handle heartbeat timeouts gracefully 

    TypeError: _apiClient.APIClient is not a constructor

      56 |
      57 |   test.beforeEach(async ({ page }) => {
    > 58 |     apiClient = new APIClient();
         |                 ^
      59 |     helpers = new TestHelpers(page);
      60 |     reconnectHelpers = new ReconnectTestHelpers(page);
      61 |     
        at /app/tests/e2e/reconnect-presence-e2e.spec.js:58:17

    attachment #1: screenshot (image/png) ──────────────────────────────────────────────────────────
    test-results/reconnect-presence-e2e-Rob-95ea9-artbeat-timeouts-gracefully-chromium/test-failed-1.png
    ────────────────────────────────────────────────────────────────────────────────────────────────

    attachment #2: video (video/webm) ──────────────────────────────────────────────────────────────
    test-results/reconnect-presence-e2e-Rob-95ea9-artbeat-timeouts-gracefully-chromium/video.webm
    ────────────────────────────────────────────────────────────────────────────────────────────────

    attachment #3: trace (application/zip) ─────────────────────────────────────────────────────────
    test-results/reconnect-presence-e2e-Rob-95ea9-artbeat-timeouts-gracefully-chromium/trace.zip
    Usage:

        npx playwright show-trace test-results/reconnect-presence-e2e-Rob-95ea9-artbeat-timeouts-gracefully-chromium/trace.zip

    ────────────────────────────────────────────────────────────────────────────────────────────────


[1A[2K[107/146] [chromium] › tests/e2e/reconnect-presence-e2e.spec.js:280:7 › Robust Reconnect & Presence System › should maintain presence across page refresh
[1A[2K  40) [chromium] › tests/e2e/reconnect-presence-e2e.spec.js:280:7 › Robust Reconnect & Presence System › should maintain presence across page refresh 

    TypeError: _apiClient.APIClient is not a constructor

      56 |
      57 |   test.beforeEach(async ({ page }) => {
    > 58 |     apiClient = new APIClient();
         |                 ^
      59 |     helpers = new TestHelpers(page);
      60 |     reconnectHelpers = new ReconnectTestHelpers(page);
      61 |     
        at /app/tests/e2e/reconnect-presence-e2e.spec.js:58:17

    attachment #1: screenshot (image/png) ──────────────────────────────────────────────────────────
    test-results/reconnect-presence-e2e-Rob-2e520-resence-across-page-refresh-chromium/test-failed-1.png
    ────────────────────────────────────────────────────────────────────────────────────────────────

    attachment #2: video (video/webm) ──────────────────────────────────────────────────────────────
    test-results/reconnect-presence-e2e-Rob-2e520-resence-across-page-refresh-chromium/video.webm
    ────────────────────────────────────────────────────────────────────────────────────────────────

    attachment #3: trace (application/zip) ─────────────────────────────────────────────────────────
    test-results/reconnect-presence-e2e-Rob-2e520-resence-across-page-refresh-chromium/trace.zip
    Usage:

        npx playwright show-trace test-results/reconnect-presence-e2e-Rob-2e520-resence-across-page-refresh-chromium/trace.zip

    ────────────────────────────────────────────────────────────────────────────────────────────────


[1A[2K[108/146] [chromium] › tests/e2e/reconnect-presence-e2e.spec.js:303:7 › Connection Error Scenarios › should show offline status when max reconnect attempts reached
[1A[2K  41) [chromium] › tests/e2e/reconnect-presence-e2e.spec.js:303:7 › Connection Error Scenarios › should show offline status when max reconnect attempts reached 

    TypeError: _testHelpers.TestHelpers is not a constructor

      307 |     });
      308 |     
    > 309 |     const helpers = new TestHelpers(page);
          |                     ^
      310 |     const reconnectHelpers = new ReconnectTestHelpers(page);
      311 |     
      312 |     // Try to access auction (this will fail)
        at /app/tests/e2e/reconnect-presence-e2e.spec.js:309:21

    attachment #1: screenshot (image/png) ──────────────────────────────────────────────────────────
    test-results/reconnect-presence-e2e-Con-dfb6f--reconnect-attempts-reached-chromium/test-failed-1.png
    ────────────────────────────────────────────────────────────────────────────────────────────────

    attachment #2: video (video/webm) ──────────────────────────────────────────────────────────────
    test-results/reconnect-presence-e2e-Con-dfb6f--reconnect-attempts-reached-chromium/video.webm
    ────────────────────────────────────────────────────────────────────────────────────────────────

    attachment #3: trace (application/zip) ─────────────────────────────────────────────────────────
    test-results/reconnect-presence-e2e-Con-dfb6f--reconnect-attempts-reached-chromium/trace.zip
    Usage:

        npx playwright show-trace test-results/reconnect-presence-e2e-Con-dfb6f--reconnect-attempts-reached-chromium/trace.zip

    ────────────────────────────────────────────────────────────────────────────────────────────────


[1A[2K[109/146] [chromium] › tests/e2e/reconnect-presence-e2e.spec.js:323:7 › Connection Error Scenarios › should handle authentication failures on reconnect
[1A[2K  42) [chromium] › tests/e2e/reconnect-presence-e2e.spec.js:323:7 › Connection Error Scenarios › should handle authentication failures on reconnect 

    TypeError: _testHelpers.TestHelpers is not a constructor

      323 |   test('should handle authentication failures on reconnect', async ({ page }) => {
      324 |     // Setup expired token scenario
    > 325 |     const helpers = new TestHelpers(page);
          |                     ^
      326 |     const reconnectHelpers = new ReconnectTestHelpers(page);
      327 |     
      328 |     // Navigate with invalid token
        at /app/tests/e2e/reconnect-presence-e2e.spec.js:325:21

    attachment #1: screenshot (image/png) ──────────────────────────────────────────────────────────
    test-results/reconnect-presence-e2e-Con-f6198-ation-failures-on-reconnect-chromium/test-failed-1.png
    ────────────────────────────────────────────────────────────────────────────────────────────────

    attachment #2: video (video/webm) ──────────────────────────────────────────────────────────────
    test-results/reconnect-presence-e2e-Con-f6198-ation-failures-on-reconnect-chromium/video.webm
    ────────────────────────────────────────────────────────────────────────────────────────────────

    attachment #3: trace (application/zip) ─────────────────────────────────────────────────────────
    test-results/reconnect-presence-e2e-Con-f6198-ation-failures-on-reconnect-chromium/trace.zip
    Usage:

        npx playwright show-trace test-results/reconnect-presence-e2e-Con-f6198-ation-failures-on-reconnect-chromium/trace.zip

    ────────────────────────────────────────────────────────────────────────────────────────────────


[1A[2K[110/146] [chromium] › tests/e2e/roster_and_budget.spec.ts:28:7 › Roster and Budget Tests › League with 5 club slots shows correct remaining count
[1A[2K[chromium] › tests/e2e/roster_and_budget.spec.ts:28:7 › Roster and Budget Tests › League with 5 club slots shows correct remaining count
🧪 Testing club slots tracking...

[1A[2K🔐 Logging in user: commissioner@slots.test

[1A[2K  43) [chromium] › tests/e2e/roster_and_budget.spec.ts:28:7 › Roster and Budget Tests › League with 5 club slots shows correct remaining count 

    TimeoutError: locator.click: Timeout 10000ms exceeded.
    Call log:
    [2m  - waiting for locator('[data-testid="auth-magic-link-submit"]')[22m


       at utils/helpers.ts:22

      20 |   // Fill email and submit magic link form using test IDs
      21 |   const emailInput = page.locator(`[data-testid="${TESTIDS.authEmailInput}"]`);
    > 22 |   const submitBtn = page.locator(`[data-testid="${TESTIDS.authSubmitBtn}"]`);
         |                                                                    ^
      23 |   
      24 |   await emailInput.fill(email);
      25 |   
        at login (/app/tests/e2e/utils/helpers.ts:22:68)
        at /app/tests/e2e/roster_and_budget.spec.ts:32:5

    attachment #1: screenshot (image/png) ──────────────────────────────────────────────────────────
    test-results/roster_and_budget-Roster-a-7867f-ows-correct-remaining-count-chromium/test-failed-1.png
    ────────────────────────────────────────────────────────────────────────────────────────────────

    attachment #2: screenshot (image/png) ──────────────────────────────────────────────────────────
    test-results/roster_and_budget-Roster-a-7867f-ows-correct-remaining-count-chromium/test-failed-2.png
    ────────────────────────────────────────────────────────────────────────────────────────────────

    Error Context: test-results/roster_and_budget-Roster-a-7867f-ows-correct-remaining-count-chromium/error-context.md

    attachment #4: trace (application/zip) ─────────────────────────────────────────────────────────
    test-results/roster_and_budget-Roster-a-7867f-ows-correct-remaining-count-chromium/trace.zip
    Usage:

        npx playwright show-trace test-results/roster_and_budget-Roster-a-7867f-ows-correct-remaining-count-chromium/trace.zip

    ────────────────────────────────────────────────────────────────────────────────────────────────


[1A[2K[111/146] [chromium] › tests/e2e/roster_and_budget.spec.ts:67:7 › Roster and Budget Tests › Budget decrements exactly by win price
[1A[2K[chromium] › tests/e2e/roster_and_budget.spec.ts:67:7 › Roster and Budget Tests › Budget decrements exactly by win price
🧪 Testing budget tracking...

[1A[2K🔐 Logging in user: commissioner@budget.test

[1A[2K  44) [chromium] › tests/e2e/roster_and_budget.spec.ts:67:7 › Roster and Budget Tests › Budget decrements exactly by win price 

    TimeoutError: locator.click: Timeout 10000ms exceeded.
    Call log:
    [2m  - waiting for locator('[data-testid="auth-magic-link-submit"]')[22m


       at utils/helpers.ts:22

      20 |   // Fill email and submit magic link form using test IDs
      21 |   const emailInput = page.locator(`[data-testid="${TESTIDS.authEmailInput}"]`);
    > 22 |   const submitBtn = page.locator(`[data-testid="${TESTIDS.authSubmitBtn}"]`);
         |                                                                    ^
      23 |   
      24 |   await emailInput.fill(email);
      25 |   
        at login (/app/tests/e2e/utils/helpers.ts:22:68)
        at /app/tests/e2e/roster_and_budget.spec.ts:70:5

    attachment #1: screenshot (image/png) ──────────────────────────────────────────────────────────
    test-results/roster_and_budget-Roster-a-c979f-ements-exactly-by-win-price-chromium/test-failed-2.png
    ────────────────────────────────────────────────────────────────────────────────────────────────

    attachment #2: screenshot (image/png) ──────────────────────────────────────────────────────────
    test-results/roster_and_budget-Roster-a-c979f-ements-exactly-by-win-price-chromium/test-failed-1.png
    ────────────────────────────────────────────────────────────────────────────────────────────────

    Error Context: test-results/roster_and_budget-Roster-a-c979f-ements-exactly-by-win-price-chromium/error-context.md

    attachment #4: trace (application/zip) ─────────────────────────────────────────────────────────
    test-results/roster_and_budget-Roster-a-c979f-ements-exactly-by-win-price-chromium/trace.zip
    Usage:

        npx playwright show-trace test-results/roster_and_budget-Roster-a-c979f-ements-exactly-by-win-price-chromium/trace.zip

    ────────────────────────────────────────────────────────────────────────────────────────────────


[1A[2K[112/146] [chromium] › tests/e2e/roster_and_budget.spec.ts:100:7 › Roster and Budget Tests › Cannot exceed maximum club slots
[1A[2K[chromium] › tests/e2e/roster_and_budget.spec.ts:100:7 › Roster and Budget Tests › Cannot exceed maximum club slots
🧪 Testing slot limit enforcement...

[1A[2K🔐 Logging in user: commissioner@limit.test

[1A[2K  45) [chromium] › tests/e2e/roster_and_budget.spec.ts:100:7 › Roster and Budget Tests › Cannot exceed maximum club slots 

    TimeoutError: locator.click: Timeout 10000ms exceeded.
    Call log:
    [2m  - waiting for locator('[data-testid="auth-magic-link-submit"]')[22m


       at utils/helpers.ts:22

      20 |   // Fill email and submit magic link form using test IDs
      21 |   const emailInput = page.locator(`[data-testid="${TESTIDS.authEmailInput}"]`);
    > 22 |   const submitBtn = page.locator(`[data-testid="${TESTIDS.authSubmitBtn}"]`);
         |                                                                    ^
      23 |   
      24 |   await emailInput.fill(email);
      25 |   
        at login (/app/tests/e2e/utils/helpers.ts:22:68)
        at /app/tests/e2e/roster_and_budget.spec.ts:103:5

    attachment #1: screenshot (image/png) ──────────────────────────────────────────────────────────
    test-results/roster_and_budget-Roster-a-b7ce0-t-exceed-maximum-club-slots-chromium/test-failed-2.png
    ────────────────────────────────────────────────────────────────────────────────────────────────

    attachment #2: screenshot (image/png) ──────────────────────────────────────────────────────────
    test-results/roster_and_budget-Roster-a-b7ce0-t-exceed-maximum-club-slots-chromium/test-failed-1.png
    ────────────────────────────────────────────────────────────────────────────────────────────────

    Error Context: test-results/roster_and_budget-Roster-a-b7ce0-t-exceed-maximum-club-slots-chromium/error-context.md

    attachment #4: trace (application/zip) ─────────────────────────────────────────────────────────
    test-results/roster_and_budget-Roster-a-b7ce0-t-exceed-maximum-club-slots-chromium/trace.zip
    Usage:

        npx playwright show-trace test-results/roster_and_budget-Roster-a-b7ce0-t-exceed-maximum-club-slots-chromium/trace.zip

    ────────────────────────────────────────────────────────────────────────────────────────────────


[1A[2K[113/146] [chromium] › tests/e2e/roster_and_budget.spec.ts:150:7 › Roster and Budget Tests › Budget remaining updates in real-time during auction
[1A[2K[chromium] › tests/e2e/roster_and_budget.spec.ts:150:7 › Roster and Budget Tests › Budget remaining updates in real-time during auction
🧪 Testing real-time budget updates...

[1A[2K🔐 Logging in user: commissioner@realtime.test

[1A[2K  46) [chromium] › tests/e2e/roster_and_budget.spec.ts:150:7 › Roster and Budget Tests › Budget remaining updates in real-time during auction 

    TimeoutError: locator.click: Timeout 10000ms exceeded.
    Call log:
    [2m  - waiting for locator('[data-testid="auth-magic-link-submit"]')[22m


       at utils/helpers.ts:22

      20 |   // Fill email and submit magic link form using test IDs
      21 |   const emailInput = page.locator(`[data-testid="${TESTIDS.authEmailInput}"]`);
    > 22 |   const submitBtn = page.locator(`[data-testid="${TESTIDS.authSubmitBtn}"]`);
         |                                                                    ^
      23 |   
      24 |   await emailInput.fill(email);
      25 |   
        at login (/app/tests/e2e/utils/helpers.ts:22:68)
        at /app/tests/e2e/roster_and_budget.spec.ts:153:5

    attachment #1: screenshot (image/png) ──────────────────────────────────────────────────────────
    test-results/roster_and_budget-Roster-a-39ef4-in-real-time-during-auction-chromium/test-failed-1.png
    ────────────────────────────────────────────────────────────────────────────────────────────────

    attachment #2: screenshot (image/png) ──────────────────────────────────────────────────────────
    test-results/roster_and_budget-Roster-a-39ef4-in-real-time-during-auction-chromium/test-failed-2.png
    ────────────────────────────────────────────────────────────────────────────────────────────────

    Error Context: test-results/roster_and_budget-Roster-a-39ef4-in-real-time-during-auction-chromium/error-context.md

    attachment #4: trace (application/zip) ─────────────────────────────────────────────────────────
    test-results/roster_and_budget-Roster-a-39ef4-in-real-time-during-auction-chromium/trace.zip
    Usage:

        npx playwright show-trace test-results/roster_and_budget-Roster-a-39ef4-in-real-time-during-auction-chromium/trace.zip

    ────────────────────────────────────────────────────────────────────────────────────────────────


[1A[2K[114/146] [chromium] › tests/e2e/roster_and_budget.spec.ts:187:7 › Roster and Budget Tests › Roster displays accurate club information
[1A[2K[chromium] › tests/e2e/roster_and_budget.spec.ts:187:7 › Roster and Budget Tests › Roster displays accurate club information
🧪 Testing roster display accuracy...

[1A[2K🔐 Logging in user: commissioner@roster.test

[1A[2K  47) [chromium] › tests/e2e/roster_and_budget.spec.ts:187:7 › Roster and Budget Tests › Roster displays accurate club information 

    TimeoutError: locator.click: Timeout 10000ms exceeded.
    Call log:
    [2m  - waiting for locator('[data-testid="auth-magic-link-submit"]')[22m


       at utils/helpers.ts:22

      20 |   // Fill email and submit magic link form using test IDs
      21 |   const emailInput = page.locator(`[data-testid="${TESTIDS.authEmailInput}"]`);
    > 22 |   const submitBtn = page.locator(`[data-testid="${TESTIDS.authSubmitBtn}"]`);
         |                                                                    ^
      23 |   
      24 |   await emailInput.fill(email);
      25 |   
        at login (/app/tests/e2e/utils/helpers.ts:22:68)
        at /app/tests/e2e/roster_and_budget.spec.ts:190:5

    attachment #1: screenshot (image/png) ──────────────────────────────────────────────────────────
    test-results/roster_and_budget-Roster-a-bd2b3-s-accurate-club-information-chromium/test-failed-1.png
    ────────────────────────────────────────────────────────────────────────────────────────────────

    attachment #2: screenshot (image/png) ──────────────────────────────────────────────────────────
    test-results/roster_and_budget-Roster-a-bd2b3-s-accurate-club-information-chromium/test-failed-2.png
    ────────────────────────────────────────────────────────────────────────────────────────────────

    Error Context: test-results/roster_and_budget-Roster-a-bd2b3-s-accurate-club-information-chromium/error-context.md

    attachment #4: trace (application/zip) ─────────────────────────────────────────────────────────
    test-results/roster_and_budget-Roster-a-bd2b3-s-accurate-club-information-chromium/trace.zip
    Usage:

        npx playwright show-trace test-results/roster_and_budget-Roster-a-bd2b3-s-accurate-club-information-chromium/trace.zip

    ────────────────────────────────────────────────────────────────────────────────────────────────


[1A[2K[115/146] [chromium] › tests/e2e/roster_and_budget.spec.ts:233:7 › Roster and Budget Tests › Empty roster shows appropriate message
[1A[2K[chromium] › tests/e2e/roster_and_budget.spec.ts:233:7 › Roster and Budget Tests › Empty roster shows appropriate message
🧪 Testing empty roster state...

[1A[2K🔐 Logging in user: alice@empty.test

[1A[2K  48) [chromium] › tests/e2e/roster_and_budget.spec.ts:233:7 › Roster and Budget Tests › Empty roster shows appropriate message 

    TimeoutError: locator.click: Timeout 10000ms exceeded.
    Call log:
    [2m  - waiting for locator('[data-testid="auth-magic-link-submit"]')[22m


       at utils/helpers.ts:22

      20 |   // Fill email and submit magic link form using test IDs
      21 |   const emailInput = page.locator(`[data-testid="${TESTIDS.authEmailInput}"]`);
    > 22 |   const submitBtn = page.locator(`[data-testid="${TESTIDS.authSubmitBtn}"]`);
         |                                                                    ^
      23 |   
      24 |   await emailInput.fill(email);
      25 |   
        at login (/app/tests/e2e/utils/helpers.ts:22:68)
        at /app/tests/e2e/roster_and_budget.spec.ts:236:5

    Error: browserContext._wrapApiCall: ENOENT: no such file or directory, open '/app/test-results/.playwright-artifacts-47/traces/8111f99e995f8edd0e55-62654b51901089a2d845-recording2.trace'

    Error: browserContext._wrapApiCall: ENOENT: no such file or directory, open '/app/test-results/.playwright-artifacts-47/traces/8111f99e995f8edd0e55-62654b51901089a2d845-recording2.trace'

    Error: ENOENT: no such file or directory, open '/app/test-results/.playwright-artifacts-47/7fc998de3f2ae80545026ba7c8350fd8.zip'

    [31mTest timeout of 60000ms exceeded.[39m

    attachment #1: screenshot (image/png) ──────────────────────────────────────────────────────────
    test-results/roster_and_budget-Roster-a-8d10f-r-shows-appropriate-message-chromium/test-failed-1.png
    ────────────────────────────────────────────────────────────────────────────────────────────────

    attachment #2: screenshot (image/png) ──────────────────────────────────────────────────────────
    test-results/roster_and_budget-Roster-a-8d10f-r-shows-appropriate-message-chromium/test-failed-2.png
    ────────────────────────────────────────────────────────────────────────────────────────────────


[1A[2K[116/146] [chromium] › tests/e2e/scoring_ingest.spec.ts:31:7 › Scoring Ingest Tests › Draw result (2-2) gives each owner +3 points
[1A[2K[chromium] › tests/e2e/scoring_ingest.spec.ts:31:7 › Scoring Ingest Tests › Draw result (2-2) gives each owner +3 points
🧪 Testing draw result scoring...

[1A[2K🔐 Logging in user: commissioner@scoring.test

[1A[2K  49) [chromium] › tests/e2e/scoring_ingest.spec.ts:31:7 › Scoring Ingest Tests › Draw result (2-2) gives each owner +3 points 

    TimeoutError: locator.click: Timeout 10000ms exceeded.
    Call log:
    [2m  - waiting for locator('[data-testid="auth-magic-link-submit"]')[22m


       at utils/helpers.ts:22

      20 |   // Fill email and submit magic link form using test IDs
      21 |   const emailInput = page.locator(`[data-testid="${TESTIDS.authEmailInput}"]`);
    > 22 |   const submitBtn = page.locator(`[data-testid="${TESTIDS.authSubmitBtn}"]`);
         |                                                                    ^
      23 |   
      24 |   await emailInput.fill(email);
      25 |   
        at login (/app/tests/e2e/utils/helpers.ts:22:68)
        at /app/tests/e2e/scoring_ingest.spec.ts:35:5

    attachment #1: screenshot (image/png) ──────────────────────────────────────────────────────────
    test-results/scoring_ingest-Scoring-Ing-6fcaf-2-gives-each-owner-3-points-chromium/test-failed-1.png
    ────────────────────────────────────────────────────────────────────────────────────────────────

    Error Context: test-results/scoring_ingest-Scoring-Ing-6fcaf-2-gives-each-owner-3-points-chromium/error-context.md

    attachment #3: trace (application/zip) ─────────────────────────────────────────────────────────
    test-results/scoring_ingest-Scoring-Ing-6fcaf-2-gives-each-owner-3-points-chromium/trace.zip
    Usage:

        npx playwright show-trace test-results/scoring_ingest-Scoring-Ing-6fcaf-2-gives-each-owner-3-points-chromium/trace.zip

    ────────────────────────────────────────────────────────────────────────────────────────────────


[1A[2K[117/146] [chromium] › tests/e2e/scoring_ingest.spec.ts:84:7 › Scoring Ingest Tests › Re-posting same result does not double score
[1A[2K[chromium] › tests/e2e/scoring_ingest.spec.ts:84:7 › Scoring Ingest Tests › Re-posting same result does not double score
🧪 Testing duplicate result prevention...

[1A[2K  50) [chromium] › tests/e2e/scoring_ingest.spec.ts:84:7 › Scoring Ingest Tests › Re-posting same result does not double score 

    Error: [2mexpect([22m[31mreceived[39m[2m).[22mtoBeTruthy[2m()[22m

    Received: [31mfalse[39m

       95 |     // Post result first time
       96 |     const firstResult = await apiHelper.ingestFinalResult(matchResult);
    >  97 |     expect(firstResult.success).toBeTruthy();
          |                                 ^
       98 |     
       99 |     // Get current leaderboard state
      100 |     const token = await commissionerPage.evaluate(() => localStorage.getItem('auth_token'));
        at /app/tests/e2e/scoring_ingest.spec.ts:97:33

    attachment #1: screenshot (image/png) ──────────────────────────────────────────────────────────
    test-results/scoring_ingest-Scoring-Ing-ee1d0-esult-does-not-double-score-chromium/test-failed-1.png
    ────────────────────────────────────────────────────────────────────────────────────────────────

    attachment #2: trace (application/zip) ─────────────────────────────────────────────────────────
    test-results/scoring_ingest-Scoring-Ing-ee1d0-esult-does-not-double-score-chromium/trace.zip
    Usage:

        npx playwright show-trace test-results/scoring_ingest-Scoring-Ing-ee1d0-esult-does-not-double-score-chromium/trace.zip

    ────────────────────────────────────────────────────────────────────────────────────────────────


[1A[2K[118/146] [chromium] › tests/e2e/scoring_ingest.spec.ts:120:7 › Scoring Ingest Tests › Win result (1-0) gives winner +4 points
[1A[2K[chromium] › tests/e2e/scoring_ingest.spec.ts:120:7 › Scoring Ingest Tests › Win result (1-0) gives winner +4 points
🧪 Testing win result scoring...

[1A[2K  51) [chromium] › tests/e2e/scoring_ingest.spec.ts:120:7 › Scoring Ingest Tests › Win result (1-0) gives winner +4 points 

    Error: page.evaluate: SecurityError: Failed to read the 'localStorage' property from 'Window': Access is denied for this document.
        at UtilityScript.evaluate (<anonymous>:293:16)
        at UtilityScript.<anonymous> (<anonymous>:1:44)
        at UtilityScript.evaluate (<anonymous>:293:16)
        at UtilityScript.<anonymous> (<anonymous>:1:44)
        at /app/tests/e2e/scoring_ingest.spec.ts:132:42

    attachment #1: screenshot (image/png) ──────────────────────────────────────────────────────────
    test-results/scoring_ingest-Scoring-Ing-e5d8a-t-1-0-gives-winner-4-points-chromium/test-failed-1.png
    ────────────────────────────────────────────────────────────────────────────────────────────────

    attachment #2: trace (application/zip) ─────────────────────────────────────────────────────────
    test-results/scoring_ingest-Scoring-Ing-e5d8a-t-1-0-gives-winner-4-points-chromium/trace.zip
    Usage:

        npx playwright show-trace test-results/scoring_ingest-Scoring-Ing-e5d8a-t-1-0-gives-winner-4-points-chromium/trace.zip

    ────────────────────────────────────────────────────────────────────────────────────────────────


[1A[2K[119/146] [chromium] › tests/e2e/scoring_ingest.spec.ts:172:7 › Scoring Ingest Tests › Loss result (0-1) gives loser 0 points
[1A[2K[chromium] › tests/e2e/scoring_ingest.spec.ts:172:7 › Scoring Ingest Tests › Loss result (0-1) gives loser 0 points
🧪 Testing loss result scoring...

[1A[2K  52) [chromium] › tests/e2e/scoring_ingest.spec.ts:172:7 › Scoring Ingest Tests › Loss result (0-1) gives loser 0 points 

    Error: [2mexpect([22m[31mreceived[39m[2m).[22mtoBeTruthy[2m()[22m

    Received: [31mfalse[39m

      183 |     // Post loss result
      184 |     const ingestResult = await apiHelper.ingestFinalResult(lossResult);
    > 185 |     expect(ingestResult.success).toBeTruthy();
          |                                  ^
      186 |     
      187 |     // Verify Newcastle (winner) gets points, Brighton (loser) gets 0
      188 |     await commissionerPage.goto(`/leagues/${leagueId}/leaderboard`);
        at /app/tests/e2e/scoring_ingest.spec.ts:185:34

    attachment #1: screenshot (image/png) ──────────────────────────────────────────────────────────
    test-results/scoring_ingest-Scoring-Ing-69edd-lt-0-1-gives-loser-0-points-chromium/test-failed-1.png
    ────────────────────────────────────────────────────────────────────────────────────────────────

    attachment #2: trace (application/zip) ─────────────────────────────────────────────────────────
    test-results/scoring_ingest-Scoring-Ing-69edd-lt-0-1-gives-loser-0-points-chromium/trace.zip
    Usage:

        npx playwright show-trace test-results/scoring_ingest-Scoring-Ing-69edd-lt-0-1-gives-loser-0-points-chromium/trace.zip

    ────────────────────────────────────────────────────────────────────────────────────────────────


[1A[2K[120/146] [chromium] › tests/e2e/scoring_ingest.spec.ts:205:7 › Scoring Ingest Tests › Leaderboard shows correct ranking after multiple results
[1A[2K[chromium] › tests/e2e/scoring_ingest.spec.ts:205:7 › Scoring Ingest Tests › Leaderboard shows correct ranking after multiple results
🧪 Testing leaderboard ranking...

[1A[2K✅ Leaderboard ranking verified

[1A[2K[121/146] [chromium] › tests/e2e/scoring_ingest.spec.ts:254:7 › Scoring Ingest Tests › Invalid match result is rejected
[1A[2K[chromium] › tests/e2e/scoring_ingest.spec.ts:254:7 › Scoring Ingest Tests › Invalid match result is rejected
🧪 Testing invalid result rejection...

[1A[2K✅ Invalid result rejection verified

[1A[2K[122/146] [chromium] › tests/e2e/simplified-e2e.spec.js:50:3 › UCL Auction - Core User Flows › 1. Application Loads and Authentication UI Works
[1A[2K[chromium] › tests/e2e/simplified-e2e.spec.js:50:3 › UCL Auction - Core User Flows › 1. Application Loads and Authentication UI Works
❌ Application Loading and Auth UI - FAILED: No login UI or content found

[1A[2K[123/146] [chromium] › tests/e2e/simplified-e2e.spec.js:74:3 › UCL Auction - Core User Flows › 2. Navigation and Page Structure
[1A[2K[chromium] › tests/e2e/simplified-e2e.spec.js:74:3 › UCL Auction - Core User Flows › 2. Navigation and Page Structure
❌ Navigation and Page Structure - FAILED: locator.isVisible: Unsupported token "||" while parsing css selector "nav || header || [role="navigation"]". Did you mean to CSS.escape it?
Call log:
[2m    - checking visibility of nav || header || [role="navigation"][22m


[1A[2K[124/146] [chromium] › tests/e2e/simplified-e2e.spec.js:99:3 › UCL Auction - Core User Flows › 3. API Endpoints Accessibility
[1A[2K[chromium] › tests/e2e/simplified-e2e.spec.js:99:3 › UCL Auction - Core User Flows › 3. API Endpoints Accessibility
✅ API Endpoints Accessibility - PASSED

[1A[2K[125/146] [chromium] › tests/e2e/simplified-e2e.spec.js:121:3 › UCL Auction - Core User Flows › 4. Competition Profiles Integration
[1A[2K[chromium] › tests/e2e/simplified-e2e.spec.js:121:3 › UCL Auction - Core User Flows › 4. Competition Profiles Integration
✅ Competition Profiles Integration - PASSED

[1A[2K[126/146] [chromium] › tests/e2e/simplified-e2e.spec.js:154:3 › UCL Auction - Core User Flows › 5. Responsive Design and Mobile Compatibility
[1A[2K[chromium] › tests/e2e/simplified-e2e.spec.js:154:3 › UCL Auction - Core User Flows › 5. Responsive Design and Mobile Compatibility
✅ Responsive Design - PASSED

[1A[2K[127/146] [chromium] › tests/e2e/simplified-e2e.spec.js:188:3 › UCL Auction - Core User Flows › 6. Performance and Load Times
[1A[2K[chromium] › tests/e2e/simplified-e2e.spec.js:188:3 › UCL Auction - Core User Flows › 6. Performance and Load Times
✅ Performance and Load Times - PASSED

[1A[2K[128/146] [chromium] › tests/e2e/simplified-e2e.spec.js:213:3 › UCL Auction - Core User Flows › 7. Error Handling and Edge Cases
[1A[2K[chromium] › tests/e2e/simplified-e2e.spec.js:213:3 › UCL Auction - Core User Flows › 7. Error Handling and Edge Cases
✅ Error Handling - PASSED

[1A[2K[129/146] [chromium] › tests/e2e/simplified-e2e.spec.js:239:3 › UCL Auction - Core User Flows › 8. Security Headers and Basic Security
[1A[2K[chromium] › tests/e2e/simplified-e2e.spec.js:239:3 › UCL Auction - Core User Flows › 8. Security Headers and Basic Security
✅ Basic Security Headers - PASSED

[1A[2K[130/146] [chromium] › tests/e2e/simplified-e2e.spec.js:265:3 › UCL Auction - Core User Flows › 9. Database Integration Verification
[1A[2K[chromium] › tests/e2e/simplified-e2e.spec.js:265:3 › UCL Auction - Core User Flows › 9. Database Integration Verification
✅ Database Integration - PASSED

[1A[2K[131/146] [chromium] › tests/e2e/simplified-e2e.spec.js:290:3 › UCL Auction - Core User Flows › 10. Deployment and Environment Verification
[1A[2K[chromium] › tests/e2e/simplified-e2e.spec.js:290:3 › UCL Auction - Core User Flows › 10. Deployment and Environment Verification
✅ Deployment Environment - PASSED

[1A[2K
============================================================

[1A[2K📊 Simplified E2E Test Summary:

[1A[2K⏱️ Duration: 43.59s

[1A[2K✅ Passed: 8

[1A[2K❌ Failed: 2

[1A[2K
✅ Passed Tests:

[1A[2K  - API Endpoints Accessibility

[1A[2K  - Competition Profiles Integration

[1A[2K  - Responsive Design

[1A[2K  - Performance and Load Times

[1A[2K  - Error Handling

[1A[2K  - Basic Security Headers

[1A[2K  - Database Integration

[1A[2K  - Deployment Environment

[1A[2K
❌ Failed Tests:

[1A[2K  - Application Loading and Auth UI: No login UI or content found

[1A[2K  - Navigation and Page Structure: locator.isVisible: Unsupported token "||" while parsing css selector "nav || header || [role="navigation"]". Did you mean to CSS.escape it?
Call log:
[2m    - checking visibility of nav || header || [role="navigation"][22m


[1A[2K============================================================

[1A[2K[132/146] [chromium] › tests/e2e/test_login_helper.spec.ts:5:7 › Test-Only Login Helper › loginTestOnly helper authenticates user without UI
[1A[2K[chromium] › tests/e2e/test_login_helper.spec.ts:5:7 › Test-Only Login Helper › loginTestOnly helper authenticates user without UI
🔐 Logging in user: playwright-helper-test@example.com (mode: test)

[1A[2K🧪 Test-only login for user: playwright-helper-test@example.com

[1A[2K✅ Test-only login successful: playwright-helper-test@example.com

[1A[2K✅ Test-only login helper working correctly

[1A[2K[133/146] [chromium] › tests/e2e/test_login_helper.spec.ts:22:7 › Test-Only Login Helper › loginTestOnly sets proper authentication state
[1A[2K[chromium] › tests/e2e/test_login_helper.spec.ts:22:7 › Test-Only Login Helper › loginTestOnly sets proper authentication state
🔐 Logging in user: playwright-auth-state-test@example.com (mode: test)

[1A[2K🧪 Test-only login for user: playwright-auth-state-test@example.com

[1A[2K✅ Test-only login successful: playwright-auth-state-test@example.com

[1A[2K✅ Authentication state set correctly

[1A[2K[134/146] [chromium] › tests/e2e/test_login_helper.spec.ts:42:7 › Test-Only Login Helper › loginTestOnly bypasses UI authentication completely
[1A[2K[chromium] › tests/e2e/test_login_helper.spec.ts:42:7 › Test-Only Login Helper › loginTestOnly bypasses UI authentication completely
🔐 Logging in user: playwright-bypass-test@example.com (mode: test)

[1A[2K🧪 Test-only login for user: playwright-bypass-test@example.com

[1A[2K✅ Test-only login successful: playwright-bypass-test@example.com

[1A[2K✅ UI authentication bypassed successfully

[1A[2K[135/146] [chromium] › tests/e2e/ucl-auction-e2e.spec.js:81:3 › UCL Auction E2E Test Suite › 1. Auth: Magic Link Login Works for Each Test User
[1A[2K[chromium] › tests/e2e/ucl-auction-e2e.spec.js:81:3 › UCL Auction E2E Test Suite › 1. Auth: Magic Link Login Works for Each Test User
🎯 Starting UCL Auction E2E Test Suite

[1A[2K[33mNaN[39m

[1A[2K🏗️ Setting up test fixtures...

[1A[2K❌ Test fixture setup failed: Failed to create test user commish@test.local: Magic link request failed: [object Object]

[1A[2KInternal error: step id not found: fixture@22

[1A[2K🧹 Cleaning up test data...

[1A[2K🎉 Cleanup completed!

[1A[2K[33mNaN[39m

[1A[2K📊 E2E Test Summary:

[1A[2K⏱️ Duration: 1.41s

[1A[2K✅ Passed: 0

[1A[2K❌ Failed: 0

[1A[2K[33mNaN[39m

[1A[2K  53) [chromium] › tests/e2e/ucl-auction-e2e.spec.js:81:3 › UCL Auction E2E Test Suite › 1. Auth: Magic Link Login Works for Each Test User 

    Error: Failed to create test user commish@test.local: Magic link request failed: [object Object]

       at helpers/test-helpers.js:37

      35 |         console.log(`✅ Created test user: ${user.email}`);
      36 |       } else {
    > 37 |         throw new Error(`Failed to create test user ${user.email}: ${result.error}`);
         |               ^
      38 |       }
      39 |     }
      40 |
        at TestHelpers.setupTestFixtures (/app/tests/e2e/helpers/test-helpers.js:37:15)
        at /app/tests/e2e/ucl-auction-e2e.spec.js:38:18

    attachment #1: screenshot (image/png) ──────────────────────────────────────────────────────────
    test-results/ucl-auction-e2e-UCL-Auctio-8d4ea-in-Works-for-Each-Test-User-chromium/test-failed-1.png
    ────────────────────────────────────────────────────────────────────────────────────────────────

    attachment #2: trace (application/zip) ─────────────────────────────────────────────────────────
    test-results/ucl-auction-e2e-UCL-Auctio-8d4ea-in-Works-for-Each-Test-User-chromium/trace.zip
    Usage:

        npx playwright show-trace test-results/ucl-auction-e2e-UCL-Auctio-8d4ea-in-Works-for-Each-Test-User-chromium/trace.zip

    ────────────────────────────────────────────────────────────────────────────────────────────────


[1A[2K[136/146] [chromium] › tests/e2e/ucl-auction-e2e.spec.js:104:3 › UCL Auction E2E Test Suite › 2. Commissioner Setup: League Created with Settings and Guards
[1A[2K[137/146] [chromium] › tests/e2e/ucl-auction-e2e.spec.js:136:3 › UCL Auction E2E Test Suite › 3. Member Invitations and Join Process
[1A[2K[138/146] [chromium] › tests/e2e/ucl-auction-e2e.spec.js:175:3 › UCL Auction E2E Test Suite › 4. Auction Start and Nomination Order
[1A[2K[139/146] [chromium] › tests/e2e/ucl-auction-e2e.spec.js:206:3 › UCL Auction E2E Test Suite › 5. Real-time Bidding and Anti-snipe
[1A[2K[140/146] [chromium] › tests/e2e/ucl-auction-e2e.spec.js:253:3 › UCL Auction E2E Test Suite › 6. Budget Guard and Validation
[1A[2K[141/146] [chromium] › tests/e2e/ucl-auction-e2e.spec.js:288:3 › UCL Auction E2E Test Suite › 7. Lot Closure and Ownership Transfer
[1A[2K[142/146] [chromium] › tests/e2e/ucl-auction-e2e.spec.js:323:3 › UCL Auction E2E Test Suite › 8. Club Slots Cap Enforcement
[1A[2K[143/146] [chromium] › tests/e2e/ucl-auction-e2e.spec.js:359:3 › UCL Auction E2E Test Suite › 9. Pause/Resume Auction with Timer Monotonicity
[1A[2K[144/146] [chromium] › tests/e2e/ucl-auction-e2e.spec.js:400:3 › UCL Auction E2E Test Suite › 10. Scoring via API with Idempotency
[1A[2K[145/146] [chromium] › tests/e2e/ucl-auction-e2e.spec.js:458:3 › UCL Auction E2E Test Suite › 11. Leaderboard and Data Consistency
[1A[2K[146/146] [chromium] › tests/e2e/ucl-auction-e2e.spec.js:491:3 › UCL Auction E2E Test Suite › 12. Access Control and Security
🧹 Global E2E Test Teardown Starting...
🎉 Global teardown completed!
[1A[2K  53 failed
    [chromium] › tests/e2e/access_and_gates.spec.ts:31:7 › Access and Gates Tests › Start Auction disabled when below minimum managers 
    [chromium] › tests/e2e/access_and_gates.spec.ts:60:7 › Access and Gates Tests › Start Auction enabled when minimum managers reached 
    [chromium] › tests/e2e/access_and_gates.spec.ts:89:7 › Access and Gates Tests › Route guards redirect unauthenticated users with toast notifications 
    [chromium] › tests/e2e/access_and_gates.spec.ts:118:7 › Access and Gates Tests › Non-existent league routes show 404 or redirect safely 
    [chromium] › tests/e2e/access_and_gates.spec.ts:139:7 › Access and Gates Tests › League members can access league pages 
    [chromium] › tests/e2e/access_and_gates.spec.ts:176:7 › Access and Gates Tests › Non-league members cannot access league pages 
    [chromium] › tests/e2e/access_and_gates.spec.ts:205:7 › Access and Gates Tests › Commissioner has admin access, members do not 
    [chromium] › tests/e2e/access_and_gates.spec.ts:243:7 › Access and Gates Tests › Auction access requires active auction 
    [chromium] › tests/e2e/access_and_gates.spec.ts:273:7 › Access and Gates Tests › League-specific routes redirect safely with helpful messages 
    [chromium] › tests/e2e/access_and_gates.spec.ts:303:7 › Access and Gates Tests › Breadcrumb navigation appears on all app pages 
    [chromium] › tests/e2e/access_and_gates.spec.ts:329:7 › Access and Gates Tests › No dead-end pages - all pages provide navigation options 
    [chromium] › tests/e2e/auction.spec.ts:32:7 › Auction Tests › Anti-snipe extends timer when bid placed in final seconds 
    [chromium] › tests/e2e/auction.spec.ts:89:7 › Auction Tests › Simultaneous bids resolve deterministically 
    [chromium] › tests/e2e/auction.spec.ts:130:7 › Auction Tests › Safe lot close prevents data corruption 
    [chromium] › tests/e2e/auction.spec.ts:174:7 › Auction Tests › Undo disabled once next lot opens 
    [chromium] › tests/e2e/auction.spec.ts:229:7 › Auction Tests › Bid validation prevents invalid amounts 
    [chromium] › tests/e2e/auth_ui.spec.ts:65:7 › Authentication UI Tests › Shows error for invalid email submission 
    [chromium] › tests/e2e/auth_ui.spec.ts:137:7 › Authentication UI Tests › Form handles loading state correctly 
    [chromium] › tests/e2e/auth_ui.spec.ts:152:7 › Authentication UI Tests › No dead ends - page always has navigation options 
    [chromium] › tests/e2e/auth_ui.spec.ts:233:7 › Authentication UI Integration › Shows error for empty email with proper UX 
    [chromium] › tests/e2e/auth_ui.spec.ts:254:7 › Authentication UI Integration › Shows error for invalid email format with concise message 
    [chromium] › tests/e2e/auth_ui.spec.ts:300:7 › Authentication UI Integration › Error clears when user starts typing 
    [chromium] › tests/e2e/auth_ui.spec.ts:329:7 › Authentication UI Integration › Submit button states work correctly during loading 
    [chromium] › tests/e2e/auth_ui.spec.ts:361:7 › Authentication UI Integration › Error display has proper accessibility attributes 
    [chromium] › tests/e2e/core-smoke.spec.ts:99:7 › Core Smoke Test › Complete auction flow: create → invite → join → auction → bid → sell 
    [chromium] › tests/e2e/core.smoke.spec.ts:56:7 › Core Smoke Test › Complete auction flow: Create → Invite → Join → Start → Nominate → Bid → Sell 
    [chromium] › tests/e2e/league-settings-regression.spec.js:18:5 › League Settings Regression Tests › Min=2 Gate: Start Auction Button Logic › Start Auction disabled at 1 member, enabled at 2+ members 
    [chromium] › tests/e2e/league-settings-regression.spec.js:106:5 › League Settings Regression Tests › Slots=5 Display: UI Consistency Tests › Lobby shows 5 slots, Auction shows 5 slots, Roster tracks correctly 
    [chromium] › tests/e2e/navigation.spec.ts:22:9 › Navigation Tests › Desktop Navigation › Landing page anchor navigation works correctly 
    [chromium] › tests/e2e/navigation.spec.ts:79:9 › Navigation Tests › Mobile Navigation › Mobile hamburger menu works correctly 
    [chromium] › tests/e2e/navigation.spec.ts:95:9 › Navigation Tests › Mobile Navigation › Mobile navigation shows only enabled items and navigates correctly 
    [chromium] › tests/e2e/navigation.spec.ts:170:9 › Navigation Tests › Keyboard Navigation › Keyboard navigation works with proper ARIA and focus management 
    [chromium] › tests/e2e/reconnect-presence-e2e.spec.js:66:7 › Robust Reconnect & Presence System › should show connection status indicator in auction room 
    [chromium] › tests/e2e/reconnect-presence-e2e.spec.js:84:7 › Robust Reconnect & Presence System › should automatically reconnect after network interruption 
    [chromium] › tests/e2e/reconnect-presence-e2e.spec.js:113:7 › Robust Reconnect & Presence System › should show exponential backoff during reconnection attempts 
    [chromium] › tests/e2e/reconnect-presence-e2e.spec.js:142:7 › Robust Reconnect & Presence System › should restore auction state from server snapshot on reconnect 
    [chromium] › tests/e2e/reconnect-presence-e2e.spec.js:174:7 › Robust Reconnect & Presence System › should track user presence accurately 
    [chromium] › tests/e2e/reconnect-presence-e2e.spec.js:211:7 › Robust Reconnect & Presence System › should handle reconnection during active bidding 
    [chromium] › tests/e2e/reconnect-presence-e2e.spec.js:249:7 › Robust Reconnect & Presence System › should handle heartbeat timeouts gracefully 
    [chromium] › tests/e2e/reconnect-presence-e2e.spec.js:280:7 › Robust Reconnect & Presence System › should maintain presence across page refresh 
    [chromium] › tests/e2e/reconnect-presence-e2e.spec.js:303:7 › Connection Error Scenarios › should show offline status when max reconnect attempts reached 
    [chromium] › tests/e2e/reconnect-presence-e2e.spec.js:323:7 › Connection Error Scenarios › should handle authentication failures on reconnect 
    [chromium] › tests/e2e/roster_and_budget.spec.ts:28:7 › Roster and Budget Tests › League with 5 club slots shows correct remaining count 
    [chromium] › tests/e2e/roster_and_budget.spec.ts:67:7 › Roster and Budget Tests › Budget decrements exactly by win price 
    [chromium] › tests/e2e/roster_and_budget.spec.ts:100:7 › Roster and Budget Tests › Cannot exceed maximum club slots 
    [chromium] › tests/e2e/roster_and_budget.spec.ts:150:7 › Roster and Budget Tests › Budget remaining updates in real-time during auction 
    [chromium] › tests/e2e/roster_and_budget.spec.ts:187:7 › Roster and Budget Tests › Roster displays accurate club information 
    [chromium] › tests/e2e/roster_and_budget.spec.ts:233:7 › Roster and Budget Tests › Empty roster shows appropriate message 
    [chromium] › tests/e2e/scoring_ingest.spec.ts:31:7 › Scoring Ingest Tests › Draw result (2-2) gives each owner +3 points 
    [chromium] › tests/e2e/scoring_ingest.spec.ts:84:7 › Scoring Ingest Tests › Re-posting same result does not double score 
    [chromium] › tests/e2e/scoring_ingest.spec.ts:120:7 › Scoring Ingest Tests › Win result (1-0) gives winner +4 points 
    [chromium] › tests/e2e/scoring_ingest.spec.ts:172:7 › Scoring Ingest Tests › Loss result (0-1) gives loser 0 points 
    [chromium] › tests/e2e/ucl-auction-e2e.spec.js:81:3 › UCL Auction E2E Test Suite › 1. Auth: Magic Link Login Works for Each Test User 
  11 did not run
  82 passed (24.4m)
